<?xml version="1.0" ?>
<!DOCTYPE coverage SYSTEM "http://cobertura.sourceforge.net/xml/coverage-04.dtd">
<coverage lines-valid="1513"  lines-covered="925"  line-rate="0.6114"  branches-valid="456"  branches-covered="174"  branch-rate="0.38159999999999994"  timestamp="1390406699977" complexity="0" version="0.1">
<sources>
	<source>/Users/mstern/dev/workspaces/sb11-test-auth/webapp/src/test/webapp/scripts</source>
</sources>
<packages>
	<package name="js"  line-rate="0.35850000000000004"  branch-rate="0.0789" >
	<classes>
		<class name="testauth.js"  filename="/Users/mstern/dev/workspaces/sb11-test-auth/webapp/src/main/webapp/resources/testauth/js/testauth.js"  line-rate="0.35850000000000004"  branch-rate="0.0789" >
		<methods>
			<method name="safeApply"  hits="0"  signature="()V" >
				<lines><line number="13"  hits="0" /></lines>
			</method>
			<method name="(anonymous_2)"  hits="197"  signature="()V" >
				<lines><line number="19"  hits="197" /></lines>
			</method>
			<method name="(anonymous_3)"  hits="0"  signature="()V" >
				<lines><line number="22"  hits="0" /></lines>
			</method>
			<method name="(anonymous_4)"  hits="0"  signature="()V" >
				<lines><line number="23"  hits="0" /></lines>
			</method>
			<method name="(anonymous_5)"  hits="0"  signature="()V" >
				<lines><line number="25"  hits="0" /></lines>
			</method>
			<method name="(anonymous_6)"  hits="197"  signature="()V" >
				<lines><line number="36"  hits="197" /></lines>
			</method>
			<method name="(anonymous_7)"  hits="13"  signature="()V" >
				<lines><line number="38"  hits="13" /></lines>
			</method>
			<method name="(anonymous_8)"  hits="19306"  signature="()V" >
				<lines><line number="48"  hits="19306" /></lines>
			</method>
			<method name="(anonymous_9)"  hits="197"  signature="()V" >
				<lines><line number="325"  hits="197" /></lines>
			</method>
			<method name="(anonymous_10)"  hits="0"  signature="()V" >
				<lines><line number="329"  hits="0" /></lines>
			</method>
			<method name="(anonymous_11)"  hits="0"  signature="()V" >
				<lines><line number="330"  hits="0" /></lines>
			</method>
			<method name="(anonymous_12)"  hits="0"  signature="()V" >
				<lines><line number="335"  hits="0" /></lines>
			</method>
			<method name="(anonymous_13)"  hits="0"  signature="()V" >
				<lines><line number="336"  hits="0" /></lines>
			</method>
			<method name="(anonymous_14)"  hits="0"  signature="()V" >
				<lines><line number="347"  hits="0" /></lines>
			</method>
			<method name="(anonymous_15)"  hits="0"  signature="()V" >
				<lines><line number="352"  hits="0" /></lines>
			</method>
			<method name="(anonymous_16)"  hits="0"  signature="()V" >
				<lines><line number="357"  hits="0" /></lines>
			</method>
			<method name="(anonymous_17)"  hits="0"  signature="()V" >
				<lines><line number="363"  hits="0" /></lines>
			</method>
			<method name="(anonymous_18)"  hits="0"  signature="()V" >
				<lines><line number="369"  hits="0" /></lines>
			</method>
			<method name="(anonymous_19)"  hits="0"  signature="()V" >
				<lines><line number="375"  hits="0" /></lines>
			</method>
			<method name="(anonymous_20)"  hits="0"  signature="()V" >
				<lines><line number="381"  hits="0" /></lines>
			</method>
			<method name="(anonymous_21)"  hits="0"  signature="()V" >
				<lines><line number="387"  hits="0" /></lines>
			</method>
			<method name="(anonymous_22)"  hits="0"  signature="()V" >
				<lines><line number="393"  hits="0" /></lines>
			</method>
			<method name="(anonymous_23)"  hits="0"  signature="()V" >
				<lines><line number="404"  hits="0" /></lines>
			</method>
			<method name="(anonymous_24)"  hits="0"  signature="()V" >
				<lines><line number="412"  hits="0" /></lines>
			</method>
			<method name="(anonymous_25)"  hits="0"  signature="()V" >
				<lines><line number="423"  hits="0" /></lines>
			</method>
			<method name="(anonymous_26)"  hits="0"  signature="()V" >
				<lines><line number="434"  hits="0" /></lines>
			</method>
			<method name="(anonymous_27)"  hits="0"  signature="()V" >
				<lines><line number="445"  hits="0" /></lines>
			</method>
			<method name="(anonymous_28)"  hits="0"  signature="()V" >
				<lines><line number="456"  hits="0" /></lines>
			</method>
			<method name="(anonymous_29)"  hits="0"  signature="()V" >
				<lines><line number="468"  hits="0" /></lines>
			</method>
			<method name="(anonymous_30)"  hits="0"  signature="()V" >
				<lines><line number="479"  hits="0" /></lines>
			</method>
			<method name="(anonymous_31)"  hits="0"  signature="()V" >
				<lines><line number="490"  hits="0" /></lines>
			</method>
		</methods>
		<lines>
			<line number="3"  hits="1"  branch="false" />
			<line number="4"  hits="1"  branch="false" />
			<line number="6"  hits="1"  branch="true"  condition-coverage="50% (1/2)" />
			<line number="7"  hits="0"  branch="false" />
			<line number="9"  hits="1"  branch="true"  condition-coverage="50% (1/2)" />
			<line number="10"  hits="0"  branch="false" />
			<line number="13"  hits="1"  branch="false" />
			<line number="14"  hits="0"  branch="true"  condition-coverage="0% (0/4)" />
			<line number="18"  hits="1"  branch="false" />
			<line number="19"  hits="1"  branch="false" />
			<line number="22"  hits="197"  branch="false" />
			<line number="23"  hits="0"  branch="false" />
			<line number="24"  hits="0"  branch="false" />
			<line number="25"  hits="0"  branch="false" />
			<line number="26"  hits="0"  branch="true"  condition-coverage="0% (0/2)" />
			<line number="27"  hits="0"  branch="false" />
			<line number="31"  hits="0"  branch="false" />
			<line number="36"  hits="197"  branch="false" />
			<line number="37"  hits="197"  branch="false" />
			<line number="39"  hits="13"  branch="true"  condition-coverage="50% (1/2)" />
			<line number="40"  hits="0"  branch="false" />
			<line number="42"  hits="13"  branch="false" />
			<line number="46"  hits="197"  branch="false" />
			<line number="48"  hits="197"  branch="false" />
			<line number="49"  hits="19306"  branch="false" />
			<line number="52"  hits="197"  branch="false" />
			<line number="54"  hits="197"  branch="false" />
			<line number="326"  hits="197"  branch="false" />
			<line number="329"  hits="1"  branch="false" />
			<line number="330"  hits="0"  branch="false" />
			<line number="331"  hits="0"  branch="true"  condition-coverage="0% (0/4)" />
			<line number="335"  hits="1"  branch="false" />
			<line number="336"  hits="0"  branch="false" />
			<line number="337"  hits="0"  branch="false" />
			<line number="338"  hits="0"  branch="true"  condition-coverage="0% (0/2)" />
			<line number="339"  hits="0"  branch="false" />
			<line number="342"  hits="0"  branch="false" />
			<line number="347"  hits="1"  branch="false" />
			<line number="348"  hits="0"  branch="false" />
			<line number="349"  hits="0"  branch="false" />
			<line number="352"  hits="1"  branch="false" />
			<line number="353"  hits="0"  branch="false" />
			<line number="357"  hits="1"  branch="false" />
			<line number="358"  hits="0"  branch="false" />
			<line number="359"  hits="0"  branch="false" />
			<line number="360"  hits="0"  branch="false" />
			<line number="363"  hits="1"  branch="false" />
			<line number="364"  hits="0"  branch="false" />
			<line number="365"  hits="0"  branch="false" />
			<line number="366"  hits="0"  branch="false" />
			<line number="369"  hits="1"  branch="false" />
			<line number="370"  hits="0"  branch="false" />
			<line number="371"  hits="0"  branch="false" />
			<line number="372"  hits="0"  branch="false" />
			<line number="375"  hits="1"  branch="false" />
			<line number="376"  hits="0"  branch="false" />
			<line number="377"  hits="0"  branch="false" />
			<line number="378"  hits="0"  branch="false" />
			<line number="381"  hits="1"  branch="false" />
			<line number="382"  hits="0"  branch="false" />
			<line number="383"  hits="0"  branch="false" />
			<line number="384"  hits="0"  branch="false" />
			<line number="387"  hits="1"  branch="false" />
			<line number="388"  hits="0"  branch="false" />
			<line number="389"  hits="0"  branch="false" />
			<line number="390"  hits="0"  branch="false" />
			<line number="393"  hits="1"  branch="false" />
			<line number="394"  hits="0"  branch="true"  condition-coverage="0% (0/2)" />
			<line number="395"  hits="0"  branch="false" />
			<line number="397"  hits="0"  branch="false" />
			<line number="404"  hits="1"  branch="false" />
			<line number="405"  hits="0"  branch="true"  condition-coverage="0% (0/2)" />
			<line number="406"  hits="0"  branch="false" />
			<line number="408"  hits="0"  branch="false" />
			<line number="412"  hits="1"  branch="false" />
			<line number="413"  hits="0"  branch="true"  condition-coverage="0% (0/2)" />
			<line number="414"  hits="0"  branch="false" />
			<line number="416"  hits="0"  branch="false" />
			<line number="423"  hits="1"  branch="false" />
			<line number="424"  hits="0"  branch="true"  condition-coverage="0% (0/2)" />
			<line number="425"  hits="0"  branch="false" />
			<line number="427"  hits="0"  branch="false" />
			<line number="434"  hits="1"  branch="false" />
			<line number="435"  hits="0"  branch="true"  condition-coverage="0% (0/2)" />
			<line number="436"  hits="0"  branch="false" />
			<line number="438"  hits="0"  branch="false" />
			<line number="445"  hits="1"  branch="false" />
			<line number="446"  hits="0"  branch="true"  condition-coverage="0% (0/2)" />
			<line number="447"  hits="0"  branch="false" />
			<line number="449"  hits="0"  branch="false" />
			<line number="456"  hits="1"  branch="false" />
			<line number="457"  hits="0"  branch="true"  condition-coverage="0% (0/2)" />
			<line number="459"  hits="0"  branch="false" />
			<line number="461"  hits="0"  branch="false" />
			<line number="468"  hits="1"  branch="false" />
			<line number="469"  hits="0"  branch="true"  condition-coverage="0% (0/2)" />
			<line number="470"  hits="0"  branch="false" />
			<line number="472"  hits="0"  branch="false" />
			<line number="479"  hits="1"  branch="false" />
			<line number="480"  hits="0"  branch="true"  condition-coverage="0% (0/2)" />
			<line number="481"  hits="0"  branch="false" />
			<line number="483"  hits="0"  branch="false" />
			<line number="490"  hits="1"  branch="false" />
			<line number="491"  hits="0"  branch="true"  condition-coverage="0% (0/2)" />
			<line number="492"  hits="0"  branch="false" />
			<line number="494"  hits="0"  branch="false" />
		</lines>
		</class>
	</classes>
	</package>
	<package name="js.controllers"  line-rate="0.6551"  branch-rate="0.4083" >
	<classes>
		<class name="AssessmentBlueprintController.js"  filename="/Users/mstern/dev/workspaces/sb11-test-auth/webapp/src/main/webapp/resources/testauth/js/controllers/AssessmentBlueprintController.js"  line-rate="0.6197"  branch-rate="0.5132" >
		<methods>
			<method name="(anonymous_1)"  hits="18"  signature="()V" >
				<lines><line number="2"  hits="18" /></lines>
			</method>
			<method name="(anonymous_2)"  hits="3"  signature="()V" >
				<lines><line number="19"  hits="3" /></lines>
			</method>
			<method name="(anonymous_3)"  hits="6"  signature="()V" >
				<lines><line number="20"  hits="6" /></lines>
			</method>
			<method name="(anonymous_4)"  hits="2"  signature="()V" >
				<lines><line number="25"  hits="2" /></lines>
			</method>
			<method name="(anonymous_5)"  hits="0"  signature="()V" >
				<lines><line number="30"  hits="0" /></lines>
			</method>
			<method name="(anonymous_6)"  hits="0"  signature="()V" >
				<lines><line number="44"  hits="0" /></lines>
			</method>
			<method name="(anonymous_7)"  hits="0"  signature="()V" >
				<lines><line number="51"  hits="0" /></lines>
			</method>
			<method name="(anonymous_8)"  hits="18"  signature="()V" >
				<lines><line number="56"  hits="18" /></lines>
			</method>
			<method name="(anonymous_9)"  hits="0"  signature="()V" >
				<lines><line number="64"  hits="0" /></lines>
			</method>
			<method name="(anonymous_10)"  hits="1"  signature="()V" >
				<lines><line number="78"  hits="1" /></lines>
			</method>
			<method name="(anonymous_11)"  hits="1"  signature="()V" >
				<lines><line number="93"  hits="1" /></lines>
			</method>
			<method name="(anonymous_12)"  hits="1"  signature="()V" >
				<lines><line number="97"  hits="1" /></lines>
			</method>
			<method name="(anonymous_13)"  hits="0"  signature="()V" >
				<lines><line number="100"  hits="0" /></lines>
			</method>
			<method name="(anonymous_14)"  hits="1"  signature="()V" >
				<lines><line number="108"  hits="1" /></lines>
			</method>
			<method name="(anonymous_15)"  hits="2"  signature="()V" >
				<lines><line number="113"  hits="2" /></lines>
			</method>
			<method name="(anonymous_16)"  hits="1"  signature="()V" >
				<lines><line number="115"  hits="1" /></lines>
			</method>
			<method name="(anonymous_17)"  hits="0"  signature="()V" >
				<lines><line number="124"  hits="0" /></lines>
			</method>
			<method name="(anonymous_18)"  hits="0"  signature="()V" >
				<lines><line number="128"  hits="0" /></lines>
			</method>
			<method name="(anonymous_19)"  hits="0"  signature="()V" >
				<lines><line number="133"  hits="0" /></lines>
			</method>
			<method name="(anonymous_20)"  hits="1"  signature="()V" >
				<lines><line number="140"  hits="1" /></lines>
			</method>
			<method name="(anonymous_21)"  hits="2"  signature="()V" >
				<lines><line number="145"  hits="2" /></lines>
			</method>
			<method name="(anonymous_22)"  hits="1"  signature="()V" >
				<lines><line number="149"  hits="1" /></lines>
			</method>
			<method name="(anonymous_23)"  hits="0"  signature="()V" >
				<lines><line number="178"  hits="0" /></lines>
			</method>
			<method name="(anonymous_24)"  hits="0"  signature="()V" >
				<lines><line number="182"  hits="0" /></lines>
			</method>
			<method name="(anonymous_25)"  hits="0"  signature="()V" >
				<lines><line number="187"  hits="0" /></lines>
			</method>
			<method name="(anonymous_26)"  hits="0"  signature="()V" >
				<lines><line number="188"  hits="0" /></lines>
			</method>
			<method name="(anonymous_27)"  hits="10"  signature="()V" >
				<lines><line number="194"  hits="10" /></lines>
			</method>
			<method name="(anonymous_28)"  hits="16"  signature="()V" >
				<lines><line number="195"  hits="16" /></lines>
			</method>
			<method name="(anonymous_29)"  hits="3"  signature="()V" >
				<lines><line number="198"  hits="3" /></lines>
			</method>
			<method name="(anonymous_30)"  hits="2"  signature="()V" >
				<lines><line number="206"  hits="2" /></lines>
			</method>
			<method name="(anonymous_31)"  hits="8"  signature="()V" >
				<lines><line number="213"  hits="8" /></lines>
			</method>
			<method name="(anonymous_32)"  hits="6"  signature="()V" >
				<lines><line number="218"  hits="6" /></lines>
			</method>
			<method name="(anonymous_33)"  hits="12"  signature="()V" >
				<lines><line number="219"  hits="12" /></lines>
			</method>
			<method name="(anonymous_34)"  hits="0"  signature="()V" >
				<lines><line number="226"  hits="0" /></lines>
			</method>
			<method name="(anonymous_35)"  hits="0"  signature="()V" >
				<lines><line number="232"  hits="0" /></lines>
			</method>
			<method name="(anonymous_36)"  hits="0"  signature="()V" >
				<lines><line number="238"  hits="0" /></lines>
			</method>
			<method name="(anonymous_37)"  hits="0"  signature="()V" >
				<lines><line number="243"  hits="0" /></lines>
			</method>
			<method name="(anonymous_38)"  hits="0"  signature="()V" >
				<lines><line number="249"  hits="0" /></lines>
			</method>
			<method name="(anonymous_39)"  hits="9"  signature="()V" >
				<lines><line number="257"  hits="9" /></lines>
			</method>
			<method name="(anonymous_40)"  hits="0"  signature="()V" >
				<lines><line number="264"  hits="0" /></lines>
			</method>
			<method name="(anonymous_41)"  hits="0"  signature="()V" >
				<lines><line number="273"  hits="0" /></lines>
			</method>
			<method name="(anonymous_42)"  hits="0"  signature="()V" >
				<lines><line number="291"  hits="0" /></lines>
			</method>
			<method name="(anonymous_43)"  hits="0"  signature="()V" >
				<lines><line number="301"  hits="0" /></lines>
			</method>
			<method name="(anonymous_44)"  hits="2"  signature="()V" >
				<lines><line number="310"  hits="2" /></lines>
			</method>
			<method name="(anonymous_45)"  hits="2"  signature="()V" >
				<lines><line number="311"  hits="2" /></lines>
			</method>
			<method name="(anonymous_46)"  hits="0"  signature="()V" >
				<lines><line number="318"  hits="0" /></lines>
			</method>
			<method name="(anonymous_47)"  hits="0"  signature="()V" >
				<lines><line number="324"  hits="0" /></lines>
			</method>
			<method name="(anonymous_48)"  hits="0"  signature="()V" >
				<lines><line number="340"  hits="0" /></lines>
			</method>
			<method name="(anonymous_49)"  hits="0"  signature="()V" >
				<lines><line number="351"  hits="0" /></lines>
			</method>
			<method name="(anonymous_50)"  hits="0"  signature="()V" >
				<lines><line number="356"  hits="0" /></lines>
			</method>
			<method name="(anonymous_51)"  hits="0"  signature="()V" >
				<lines><line number="362"  hits="0" /></lines>
			</method>
			<method name="(anonymous_52)"  hits="0"  signature="()V" >
				<lines><line number="367"  hits="0" /></lines>
			</method>
		</methods>
		<lines>
			<line number="1"  hits="1"  branch="false" />
			<line number="3"  hits="18"  branch="false" />
			<line number="4"  hits="18"  branch="false" />
			<line number="5"  hits="18"  branch="false" />
			<line number="6"  hits="18"  branch="false" />
			<line number="7"  hits="18"  branch="false" />
			<line number="8"  hits="18"  branch="false" />
			<line number="9"  hits="18"  branch="false" />
			<line number="10"  hits="18"  branch="false" />
			<line number="12"  hits="18"  branch="false" />
			<line number="13"  hits="18"  branch="false" />
			<line number="14"  hits="18"  branch="false" />
			<line number="15"  hits="18"  branch="false" />
			<line number="16"  hits="18"  branch="false" />
			<line number="17"  hits="18"  branch="false" />
			<line number="19"  hits="18"  branch="false" />
			<line number="20"  hits="3"  branch="false" />
			<line number="21"  hits="6"  branch="false" />
			<line number="25"  hits="18"  branch="false" />
			<line number="26"  hits="2"  branch="false" />
			<line number="27"  hits="2"  branch="false" />
			<line number="30"  hits="18"  branch="false" />
			<line number="31"  hits="0"  branch="true"  condition-coverage="0% (0/2)" />
			<line number="32"  hits="0"  branch="false" />
			<line number="33"  hits="0"  branch="false" />
			<line number="34"  hits="0"  branch="false" />
			<line number="35"  hits="0"  branch="false" />
			<line number="36"  hits="0"  branch="false" />
			<line number="37"  hits="0"  branch="false" />
			<line number="38"  hits="0"  branch="false" />
			<line number="39"  hits="0"  branch="true"  condition-coverage="0% (0/2)" />
			<line number="40"  hits="0"  branch="false" />
			<line number="44"  hits="18"  branch="false" />
			<line number="45"  hits="0"  branch="false" />
			<line number="46"  hits="0"  branch="false" />
			<line number="47"  hits="0"  branch="false" />
			<line number="48"  hits="0"  branch="false" />
			<line number="51"  hits="18"  branch="false" />
			<line number="52"  hits="0"  branch="false" />
			<line number="53"  hits="0"  branch="false" />
			<line number="56"  hits="18"  branch="false" />
			<line number="57"  hits="18"  branch="false" />
			<line number="64"  hits="18"  branch="false" />
			<line number="65"  hits="0"  branch="false" />
			<line number="66"  hits="0"  branch="false" />
			<line number="70"  hits="18"  branch="true"  condition-coverage="50% (1/2)" />
			<line number="71"  hits="18"  branch="false" />
			<line number="73"  hits="0"  branch="false" />
			<line number="76"  hits="18"  branch="true"  condition-coverage="50% (1/2)" />
			<line number="77"  hits="18"  branch="false" />
			<line number="78"  hits="18"  branch="false" />
			<line number="79"  hits="1"  branch="false" />
			<line number="80"  hits="1"  branch="false" />
			<line number="81"  hits="1"  branch="true"  condition-coverage="50% (1/2)" />
			<line number="82"  hits="1"  branch="false" />
			<line number="83"  hits="1"  branch="false" />
			<line number="84"  hits="1"  branch="false" />
			<line number="85"  hits="1"  branch="false" />
			<line number="89"  hits="0"  branch="false" />
			<line number="90"  hits="0"  branch="false" />
			<line number="93"  hits="18"  branch="false" />
			<line number="94"  hits="1"  branch="false" />
			<line number="97"  hits="18"  branch="false" />
			<line number="98"  hits="1"  branch="false" />
			<line number="99"  hits="1"  branch="false" />
			<line number="100"  hits="1"  branch="false" />
			<line number="101"  hits="0"  branch="false" />
			<line number="103"  hits="1"  branch="true"  condition-coverage="50% (1/2)" />
			<line number="104"  hits="1"  branch="false" />
			<line number="108"  hits="18"  branch="false" />
			<line number="109"  hits="1"  branch="false" />
			<line number="110"  hits="1"  branch="false" />
			<line number="113"  hits="18"  branch="false" />
			<line number="114"  hits="2"  branch="false" />
			<line number="115"  hits="2"  branch="false" />
			<line number="116"  hits="1"  branch="true"  condition-coverage="50% (1/2)" />
			<line number="117"  hits="1"  branch="false" />
			<line number="119"  hits="0"  branch="false" />
			<line number="124"  hits="18"  branch="false" />
			<line number="125"  hits="0"  branch="false" />
			<line number="128"  hits="18"  branch="false" />
			<line number="129"  hits="0"  branch="false" />
			<line number="130"  hits="0"  branch="false" />
			<line number="133"  hits="18"  branch="false" />
			<line number="134"  hits="0"  branch="false" />
			<line number="135"  hits="0"  branch="false" />
			<line number="136"  hits="0"  branch="false" />
			<line number="137"  hits="0"  branch="false" />
			<line number="140"  hits="18"  branch="false" />
			<line number="141"  hits="1"  branch="false" />
			<line number="142"  hits="1"  branch="false" />
			<line number="145"  hits="18"  branch="false" />
			<line number="146"  hits="2"  branch="false" />
			<line number="147"  hits="2"  branch="false" />
			<line number="148"  hits="2"  branch="true"  condition-coverage="100% (2/2)" />
			<line number="149"  hits="1"  branch="false" />
			<line number="150"  hits="1"  branch="true"  condition-coverage="75% (3/4)" />
			<line number="151"  hits="0"  branch="false" />
			<line number="152"  hits="0"  branch="false" />
			<line number="153"  hits="0"  branch="false" />
			<line number="154"  hits="0"  branch="false" />
			<line number="155"  hits="0"  branch="false" />
			<line number="157"  hits="1"  branch="false" />
			<line number="158"  hits="1"  branch="false" />
			<line number="159"  hits="1"  branch="false" />
			<line number="160"  hits="1"  branch="false" />
			<line number="161"  hits="1"  branch="false" />
			<line number="167"  hits="18"  branch="false" />
			<line number="172"  hits="18"  branch="false" />
			<line number="179"  hits="0"  branch="false" />
			<line number="180"  hits="0"  branch="false" />
			<line number="183"  hits="0"  branch="false" />
			<line number="187"  hits="18"  branch="false" />
			<line number="188"  hits="0"  branch="false" />
			<line number="192"  hits="18"  branch="false" />
			<line number="194"  hits="18"  branch="false" />
			<line number="195"  hits="16"  branch="false" />
			<line number="198"  hits="18"  branch="false" />
			<line number="199"  hits="3"  branch="false" />
			<line number="206"  hits="18"  branch="false" />
			<line number="207"  hits="2"  branch="false" />
			<line number="208"  hits="2"  branch="true"  condition-coverage="100% (2/2)" />
			<line number="209"  hits="1"  branch="false" />
			<line number="213"  hits="18"  branch="false" />
			<line number="214"  hits="8"  branch="false" />
			<line number="218"  hits="18"  branch="false" />
			<line number="219"  hits="6"  branch="false" />
			<line number="220"  hits="12"  branch="false" />
			<line number="221"  hits="12"  branch="true"  condition-coverage="100% (2/2)" />
			<line number="226"  hits="18"  branch="false" />
			<line number="227"  hits="0"  branch="false" />
			<line number="228"  hits="0"  branch="false" />
			<line number="229"  hits="0"  branch="true"  condition-coverage="0% (0/2)" />
			<line number="232"  hits="18"  branch="false" />
			<line number="233"  hits="0"  branch="false" />
			<line number="234"  hits="0"  branch="false" />
			<line number="238"  hits="18"  branch="false" />
			<line number="239"  hits="0"  branch="false" />
			<line number="240"  hits="0"  branch="false" />
			<line number="243"  hits="18"  branch="false" />
			<line number="244"  hits="0"  branch="false" />
			<line number="245"  hits="0"  branch="false" />
			<line number="248"  hits="18"  branch="false" />
			<line number="249"  hits="18"  branch="false" />
			<line number="250"  hits="0"  branch="false" />
			<line number="251"  hits="0"  branch="false" />
			<line number="252"  hits="0"  branch="false" />
			<line number="253"  hits="0"  branch="false" />
			<line number="254"  hits="0"  branch="false" />
			<line number="257"  hits="18"  branch="false" />
			<line number="258"  hits="9"  branch="true"  condition-coverage="100% (2/2)" />
			<line number="260"  hits="1"  branch="true"  condition-coverage="50% (1/2)" />
			<line number="261"  hits="0"  branch="false" />
			<line number="263"  hits="1"  branch="false" />
			<line number="264"  hits="1"  branch="false" />
			<line number="265"  hits="0"  branch="false" />
			<line number="268"  hits="8"  branch="true"  condition-coverage="100% (4/4)" />
			<line number="270"  hits="2"  branch="true"  condition-coverage="75% (3/4)" />
			<line number="271"  hits="2"  branch="false" />
			<line number="272"  hits="2"  branch="true"  condition-coverage="100% (2/2)" />
			<line number="273"  hits="2"  branch="false" />
			<line number="274"  hits="0"  branch="true"  condition-coverage="0% (0/2)" />
			<line number="277"  hits="0"  branch="false" />
			<line number="279"  hits="6"  branch="true"  condition-coverage="100% (2/2)" />
			<line number="281"  hits="3"  branch="true"  condition-coverage="100% (4/4)" />
			<line number="282"  hits="2"  branch="false" />
			<line number="283"  hits="2"  branch="true"  condition-coverage="50% (1/2)" />
			<line number="284"  hits="2"  branch="false" />
			<line number="286"  hits="2"  branch="true"  condition-coverage="100% (2/2)" />
			<line number="287"  hits="1"  branch="false" />
			<line number="290"  hits="1"  branch="false" />
			<line number="291"  hits="1"  branch="false" />
			<line number="292"  hits="0"  branch="false" />
			<line number="295"  hits="3"  branch="true"  condition-coverage="50% (1/2)" />
			<line number="297"  hits="3"  branch="true"  condition-coverage="100% (2/2)" />
			<line number="298"  hits="2"  branch="false" />
			<line number="300"  hits="1"  branch="false" />
			<line number="301"  hits="1"  branch="false" />
			<line number="302"  hits="0"  branch="false" />
			<line number="306"  hits="0"  branch="false" />
			<line number="310"  hits="18"  branch="false" />
			<line number="311"  hits="2"  branch="false" />
			<line number="312"  hits="2"  branch="true"  condition-coverage="50% (1/2)" />
			<line number="313"  hits="2"  branch="false" />
			<line number="315"  hits="0"  branch="false" />
			<line number="317"  hits="2"  branch="false" />
			<line number="318"  hits="2"  branch="false" />
			<line number="319"  hits="0"  branch="false" />
			<line number="324"  hits="18"  branch="false" />
			<line number="325"  hits="0"  branch="true"  condition-coverage="0% (0/4)" />
			<line number="326"  hits="0"  branch="false" />
			<line number="327"  hits="0"  branch="true"  condition-coverage="0% (0/2)" />
			<line number="328"  hits="0"  branch="false" />
			<line number="330"  hits="0"  branch="false" />
			<line number="331"  hits="0"  branch="true"  condition-coverage="0% (0/2)" />
			<line number="332"  hits="0"  branch="false" />
			<line number="334"  hits="0"  branch="false" />
			<line number="335"  hits="0"  branch="false" />
			<line number="340"  hits="18"  branch="false" />
			<line number="341"  hits="0"  branch="false" />
			<line number="351"  hits="18"  branch="false" />
			<line number="352"  hits="0"  branch="false" />
			<line number="356"  hits="18"  branch="false" />
			<line number="357"  hits="0"  branch="false" />
			<line number="358"  hits="0"  branch="true"  condition-coverage="0% (0/2)" />
			<line number="359"  hits="0"  branch="true"  condition-coverage="0% (0/2)" />
			<line number="362"  hits="18"  branch="false" />
			<line number="363"  hits="0"  branch="false" />
			<line number="364"  hits="0"  branch="true"  condition-coverage="0% (0/2)" />
			<line number="367"  hits="18"  branch="false" />
			<line number="368"  hits="0"  branch="false" />
			<line number="369"  hits="0"  branch="true"  condition-coverage="0% (0/2)" />
			<line number="370"  hits="0"  branch="true"  condition-coverage="0% (0/2)" />
		</lines>
		</class>
		<class name="AssessmentBlueprintSockController.js"  filename="/Users/mstern/dev/workspaces/sb11-test-auth/webapp/src/main/webapp/resources/testauth/js/controllers/AssessmentBlueprintSockController.js"  line-rate="0.5"  branch-rate="0.25" >
		<methods>
			<method name="(anonymous_1)"  hits="1"  signature="()V" >
				<lines><line number="2"  hits="1" /></lines>
			</method>
			<method name="(anonymous_2)"  hits="1"  signature="()V" >
				<lines><line number="14"  hits="1" /></lines>
			</method>
			<method name="(anonymous_3)"  hits="0"  signature="()V" >
				<lines><line number="19"  hits="0" /></lines>
			</method>
			<method name="(anonymous_4)"  hits="0"  signature="()V" >
				<lines><line number="31"  hits="0" /></lines>
			</method>
			<method name="(anonymous_5)"  hits="0"  signature="()V" >
				<lines><line number="34"  hits="0" /></lines>
			</method>
		</methods>
		<lines>
			<line number="1"  hits="1"  branch="false" />
			<line number="3"  hits="1"  branch="false" />
			<line number="4"  hits="1"  branch="false" />
			<line number="5"  hits="1"  branch="false" />
			<line number="7"  hits="1"  branch="true"  condition-coverage="50% (1/2)" />
			<line number="8"  hits="1"  branch="false" />
			<line number="10"  hits="0"  branch="false" />
			<line number="12"  hits="1"  branch="false" />
			<line number="14"  hits="1"  branch="false" />
			<line number="15"  hits="1"  branch="false" />
			<line number="18"  hits="1"  branch="false" />
			<line number="19"  hits="1"  branch="false" />
			<line number="20"  hits="0"  branch="false" />
			<line number="21"  hits="0"  branch="false" />
			<line number="23"  hits="0"  branch="true"  condition-coverage="0% (0/2)" />
			<line number="24"  hits="0"  branch="false" />
			<line number="25"  hits="0"  branch="false" />
			<line number="26"  hits="0"  branch="false" />
			<line number="27"  hits="0"  branch="false" />
			<line number="31"  hits="1"  branch="false" />
			<line number="32"  hits="0"  branch="false" />
			<line number="33"  hits="0"  branch="false" />
			<line number="34"  hits="0"  branch="false" />
			<line number="35"  hits="0"  branch="false" />
			<line number="36"  hits="0"  branch="false" />
			<line number="40"  hits="1"  branch="false" />
		</lines>
		</class>
		<class name="AssessmentDetailsController.js"  filename="/Users/mstern/dev/workspaces/sb11-test-auth/webapp/src/main/webapp/resources/testauth/js/controllers/AssessmentDetailsController.js"  line-rate="0.1429"  branch-rate="0" >
		<methods>
			<method name="(anonymous_1)"  hits="0"  signature="()V" >
				<lines><line number="2"  hits="0" /></lines>
			</method>
			<method name="(anonymous_2)"  hits="0"  signature="()V" >
				<lines><line number="8"  hits="0" /></lines>
			</method>
		</methods>
		<lines>
			<line number="1"  hits="1"  branch="false" />
			<line number="3"  hits="0"  branch="false" />
			<line number="4"  hits="0"  branch="false" />
			<line number="5"  hits="0"  branch="false" />
			<line number="7"  hits="0"  branch="true"  condition-coverage="0% (0/2)" />
			<line number="8"  hits="0"  branch="false" />
			<line number="9"  hits="0"  branch="false" />
		</lines>
		</class>
		<class name="AssessmentEditController.js"  filename="/Users/mstern/dev/workspaces/sb11-test-auth/webapp/src/main/webapp/resources/testauth/js/controllers/AssessmentEditController.js"  line-rate="0.7406999999999999"  branch-rate="0.6563" >
		<methods>
			<method name="(anonymous_1)"  hits="11"  signature="()V" >
				<lines><line number="2"  hits="11" /></lines>
			</method>
			<method name="(anonymous_2)"  hits="0"  signature="()V" >
				<lines><line number="19"  hits="0" /></lines>
			</method>
			<method name="(anonymous_3)"  hits="0"  signature="()V" >
				<lines><line number="23"  hits="0" /></lines>
			</method>
			<method name="(anonymous_4)"  hits="3"  signature="()V" >
				<lines><line number="30"  hits="3" /></lines>
			</method>
			<method name="(anonymous_5)"  hits="3"  signature="()V" >
				<lines><line number="34"  hits="3" /></lines>
			</method>
			<method name="(anonymous_6)"  hits="3"  signature="()V" >
				<lines><line number="38"  hits="3" /></lines>
			</method>
			<method name="(anonymous_7)"  hits="0"  signature="()V" >
				<lines><line number="41"  hits="0" /></lines>
			</method>
			<method name="(anonymous_8)"  hits="3"  signature="()V" >
				<lines><line number="43"  hits="3" /></lines>
			</method>
			<method name="(anonymous_9)"  hits="0"  signature="()V" >
				<lines><line number="56"  hits="0" /></lines>
			</method>
			<method name="(anonymous_10)"  hits="0"  signature="()V" >
				<lines><line number="65"  hits="0" /></lines>
			</method>
			<method name="(anonymous_11)"  hits="4"  signature="()V" >
				<lines><line number="73"  hits="4" /></lines>
			</method>
			<method name="(anonymous_12)"  hits="3"  signature="()V" >
				<lines><line number="81"  hits="3" /></lines>
			</method>
			<method name="(anonymous_13)"  hits="4"  signature="()V" >
				<lines><line number="89"  hits="4" /></lines>
			</method>
			<method name="(anonymous_14)"  hits="3"  signature="()V" >
				<lines><line number="105"  hits="3" /></lines>
			</method>
			<method name="(anonymous_15)"  hits="1"  signature="()V" >
				<lines><line number="113"  hits="1" /></lines>
			</method>
			<method name="(anonymous_16)"  hits="0"  signature="()V" >
				<lines><line number="122"  hits="0" /></lines>
			</method>
			<method name="(anonymous_17)"  hits="0"  signature="()V" >
				<lines><line number="123"  hits="0" /></lines>
			</method>
			<method name="(anonymous_18)"  hits="0"  signature="()V" >
				<lines><line number="126"  hits="0" /></lines>
			</method>
			<method name="(anonymous_19)"  hits="0"  signature="()V" >
				<lines><line number="127"  hits="0" /></lines>
			</method>
			<method name="(anonymous_20)"  hits="0"  signature="()V" >
				<lines><line number="139"  hits="0" /></lines>
			</method>
			<method name="(anonymous_21)"  hits="0"  signature="()V" >
				<lines><line number="144"  hits="0" /></lines>
			</method>
		</methods>
		<lines>
			<line number="1"  hits="1"  branch="false" />
			<line number="3"  hits="11"  branch="false" />
			<line number="4"  hits="11"  branch="false" />
			<line number="5"  hits="11"  branch="false" />
			<line number="6"  hits="11"  branch="false" />
			<line number="7"  hits="11"  branch="false" />
			<line number="8"  hits="11"  branch="false" />
			<line number="9"  hits="11"  branch="false" />
			<line number="10"  hits="11"  branch="false" />
			<line number="13"  hits="11"  branch="false" />
			<line number="20"  hits="0"  branch="false" />
			<line number="21"  hits="0"  branch="false" />
			<line number="24"  hits="0"  branch="false" />
			<line number="29"  hits="11"  branch="false" />
			<line number="30"  hits="11"  branch="false" />
			<line number="31"  hits="3"  branch="false" />
			<line number="34"  hits="11"  branch="false" />
			<line number="35"  hits="3"  branch="false" />
			<line number="38"  hits="11"  branch="false" />
			<line number="39"  hits="3"  branch="false" />
			<line number="40"  hits="3"  branch="false" />
			<line number="41"  hits="3"  branch="false" />
			<line number="43"  hits="3"  branch="false" />
			<line number="44"  hits="3"  branch="false" />
			<line number="45"  hits="3"  branch="false" />
			<line number="46"  hits="3"  branch="true"  condition-coverage="100% (2/2)" />
			<line number="47"  hits="2"  branch="false" />
			<line number="48"  hits="2"  branch="false" />
			<line number="49"  hits="2"  branch="true"  condition-coverage="50% (1/2)" />
			<line number="50"  hits="0"  branch="false" />
			<line number="56"  hits="11"  branch="false" />
			<line number="57"  hits="0"  branch="false" />
			<line number="58"  hits="0"  branch="true"  condition-coverage="0% (0/2)" />
			<line number="59"  hits="0"  branch="false" />
			<line number="61"  hits="0"  branch="false" />
			<line number="65"  hits="11"  branch="false" />
			<line number="66"  hits="0"  branch="true"  condition-coverage="0% (0/4)" />
			<line number="67"  hits="0"  branch="true"  condition-coverage="0% (0/2)" />
			<line number="68"  hits="0"  branch="false" />
			<line number="73"  hits="11"  branch="false" />
			<line number="74"  hits="4"  branch="true"  condition-coverage="100% (2/2)" />
			<line number="75"  hits="1"  branch="false" />
			<line number="76"  hits="1"  branch="false" />
			<line number="79"  hits="4"  branch="true"  condition-coverage="100% (2/2)" />
			<line number="80"  hits="3"  branch="false" />
			<line number="81"  hits="3"  branch="false" />
			<line number="82"  hits="3"  branch="false" />
			<line number="85"  hits="1"  branch="false" />
			<line number="89"  hits="11"  branch="false" />
			<line number="90"  hits="4"  branch="true"  condition-coverage="100% (2/2)" />
			<line number="91"  hits="1"  branch="false" />
			<line number="92"  hits="1"  branch="false" />
			<line number="93"  hits="1"  branch="false" />
			<line number="96"  hits="4"  branch="true"  condition-coverage="100% (2/2)" />
			<line number="97"  hits="2"  branch="true"  condition-coverage="100% (2/2)" />
			<line number="98"  hits="1"  branch="false" />
			<line number="99"  hits="1"  branch="false" />
			<line number="103"  hits="4"  branch="true"  condition-coverage="100% (4/4)" />
			<line number="104"  hits="3"  branch="false" />
			<line number="105"  hits="3"  branch="false" />
			<line number="106"  hits="3"  branch="false" />
			<line number="109"  hits="1"  branch="false" />
			<line number="113"  hits="11"  branch="false" />
			<line number="114"  hits="1"  branch="false" />
			<line number="115"  hits="1"  branch="true"  condition-coverage="50% (1/2)" />
			<line number="116"  hits="1"  branch="false" />
			<line number="119"  hits="0"  branch="false" />
			<line number="122"  hits="11"  branch="false" />
			<line number="123"  hits="0"  branch="false" />
			<line number="126"  hits="11"  branch="false" />
			<line number="127"  hits="0"  branch="false" />
			<line number="130"  hits="11"  branch="true"  condition-coverage="75% (3/4)" />
			<line number="131"  hits="0"  branch="false" />
			<line number="133"  hits="0"  branch="false" />
			<line number="135"  hits="0"  branch="false" />
			<line number="136"  hits="0"  branch="false" />
			<line number="139"  hits="11"  branch="false" />
			<line number="140"  hits="0"  branch="false" />
			<line number="141"  hits="0"  branch="false" />
			<line number="144"  hits="11"  branch="false" />
			<line number="145"  hits="0"  branch="false" />
		</lines>
		</class>
		<class name="AssessmentFormController.js"  filename="/Users/mstern/dev/workspaces/sb11-test-auth/webapp/src/main/webapp/resources/testauth/js/controllers/AssessmentFormController.js"  line-rate="0.25"  branch-rate="1" >
		<methods>
			<method name="(anonymous_1)"  hits="0"  signature="()V" >
				<lines><line number="2"  hits="0" /></lines>
			</method>
		</methods>
		<lines>
			<line number="1"  hits="1"  branch="false" />
			<line number="3"  hits="0"  branch="false" />
			<line number="4"  hits="0"  branch="false" />
			<line number="5"  hits="0"  branch="false" />
		</lines>
		</class>
		<class name="AssessmentHomeController.js"  filename="/Users/mstern/dev/workspaces/sb11-test-auth/webapp/src/main/webapp/resources/testauth/js/controllers/AssessmentHomeController.js"  line-rate="0.9286"  branch-rate="0.5" >
		<methods>
			<method name="(anonymous_1)"  hits="2"  signature="()V" >
				<lines><line number="2"  hits="2" /></lines>
			</method>
			<method name="(anonymous_2)"  hits="0"  signature="()V" >
				<lines><line number="6"  hits="0" /></lines>
			</method>
			<method name="(anonymous_3)"  hits="1"  signature="()V" >
				<lines><line number="26"  hits="1" /></lines>
			</method>
			<method name="(anonymous_4)"  hits="1"  signature="()V" >
				<lines><line number="30"  hits="1" /></lines>
			</method>
		</methods>
		<lines>
			<line number="1"  hits="1"  branch="false" />
			<line number="3"  hits="2"  branch="false" />
			<line number="4"  hits="2"  branch="false" />
			<line number="6"  hits="2"  branch="false" />
			<line number="7"  hits="0"  branch="false" />
			<line number="10"  hits="2"  branch="false" />
			<line number="18"  hits="2"  branch="false" />
			<line number="26"  hits="2"  branch="false" />
			<line number="27"  hits="1"  branch="false" />
			<line number="30"  hits="2"  branch="false" />
			<line number="31"  hits="1"  branch="false" />
			<line number="32"  hits="1"  branch="false" />
			<line number="33"  hits="1"  branch="true"  condition-coverage="50% (1/2)" />
			<line number="34"  hits="1"  branch="false" />
		</lines>
		</class>
		<class name="AssessmentItemPoolController.js"  filename="/Users/mstern/dev/workspaces/sb11-test-auth/webapp/src/main/webapp/resources/testauth/js/controllers/AssessmentItemPoolController.js"  line-rate="0.6667000000000001"  branch-rate="0.20829999999999999" >
		<methods>
			<method name="(anonymous_1)"  hits="5"  signature="()V" >
				<lines><line number="2"  hits="5" /></lines>
			</method>
			<method name="(anonymous_2)"  hits="0"  signature="()V" >
				<lines><line number="15"  hits="0" /></lines>
			</method>
			<method name="(anonymous_3)"  hits="5"  signature="()V" >
				<lines><line number="23"  hits="5" /></lines>
			</method>
			<method name="(anonymous_4)"  hits="5"  signature="()V" >
				<lines><line number="30"  hits="5" /></lines>
			</method>
			<method name="(anonymous_5)"  hits="0"  signature="()V" >
				<lines><line number="44"  hits="0" /></lines>
			</method>
			<method name="(anonymous_6)"  hits="0"  signature="()V" >
				<lines><line number="56"  hits="0" /></lines>
			</method>
			<method name="(anonymous_7)"  hits="0"  signature="()V" >
				<lines><line number="60"  hits="0" /></lines>
			</method>
			<method name="(anonymous_8)"  hits="0"  signature="()V" >
				<lines><line number="64"  hits="0" /></lines>
			</method>
			<method name="(anonymous_9)"  hits="0"  signature="()V" >
				<lines><line number="68"  hits="0" /></lines>
			</method>
			<method name="(anonymous_10)"  hits="1"  signature="()V" >
				<lines><line number="72"  hits="1" /></lines>
			</method>
			<method name="(anonymous_11)"  hits="2"  signature="()V" >
				<lines><line number="75"  hits="2" /></lines>
			</method>
			<method name="(anonymous_12)"  hits="3"  signature="()V" >
				<lines><line number="78"  hits="3" /></lines>
			</method>
			<method name="(anonymous_13)"  hits="0"  signature="()V" >
				<lines><line number="80"  hits="0" /></lines>
			</method>
			<method name="(anonymous_14)"  hits="3"  signature="()V" >
				<lines><line number="83"  hits="3" /></lines>
			</method>
			<method name="(anonymous_15)"  hits="4"  signature="()V" >
				<lines><line number="94"  hits="4" /></lines>
			</method>
			<method name="(anonymous_16)"  hits="0"  signature="()V" >
				<lines><line number="101"  hits="0" /></lines>
			</method>
			<method name="(anonymous_17)"  hits="0"  signature="()V" >
				<lines><line number="106"  hits="0" /></lines>
			</method>
		</methods>
		<lines>
			<line number="1"  hits="1"  branch="false" />
			<line number="3"  hits="5"  branch="false" />
			<line number="4"  hits="5"  branch="false" />
			<line number="5"  hits="5"  branch="false" />
			<line number="6"  hits="5"  branch="false" />
			<line number="7"  hits="5"  branch="false" />
			<line number="8"  hits="5"  branch="false" />
			<line number="9"  hits="5"  branch="false" />
			<line number="11"  hits="5"  branch="false" />
			<line number="12"  hits="5"  branch="false" />
			<line number="13"  hits="5"  branch="true"  condition-coverage="50% (2/4)" />
			<line number="14"  hits="0"  branch="false" />
			<line number="15"  hits="0"  branch="false" />
			<line number="16"  hits="0"  branch="true"  condition-coverage="0% (0/4)" />
			<line number="17"  hits="0"  branch="false" />
			<line number="20"  hits="5"  branch="false" />
			<line number="23"  hits="5"  branch="false" />
			<line number="24"  hits="5"  branch="false" />
			<line number="30"  hits="5"  branch="false" />
			<line number="31"  hits="5"  branch="false" />
			<line number="38"  hits="5"  branch="true"  condition-coverage="50% (1/2)" />
			<line number="39"  hits="5"  branch="false" />
			<line number="41"  hits="0"  branch="false" />
			<line number="44"  hits="5"  branch="false" />
			<line number="46"  hits="0"  branch="false" />
			<line number="47"  hits="0"  branch="true"  condition-coverage="0% (0/2)" />
			<line number="48"  hits="0"  branch="false" />
			<line number="49"  hits="0"  branch="false" />
			<line number="50"  hits="0"  branch="false" />
			<line number="51"  hits="0"  branch="false" />
			<line number="56"  hits="5"  branch="false" />
			<line number="57"  hits="0"  branch="false" />
			<line number="60"  hits="5"  branch="false" />
			<line number="61"  hits="0"  branch="false" />
			<line number="64"  hits="5"  branch="false" />
			<line number="65"  hits="0"  branch="false" />
			<line number="68"  hits="5"  branch="false" />
			<line number="69"  hits="0"  branch="false" />
			<line number="72"  hits="5"  branch="false" />
			<line number="73"  hits="1"  branch="false" />
			<line number="74"  hits="1"  branch="false" />
			<line number="75"  hits="2"  branch="false" />
			<line number="78"  hits="5"  branch="false" />
			<line number="79"  hits="3"  branch="false" />
			<line number="80"  hits="3"  branch="true"  condition-coverage="0% (0/2)" />
			<line number="81"  hits="3"  branch="false" />
			<line number="83"  hits="3"  branch="false" />
			<line number="84"  hits="3"  branch="false" />
			<line number="85"  hits="3"  branch="false" />
			<line number="86"  hits="3"  branch="true"  condition-coverage="100% (2/2)" />
			<line number="87"  hits="2"  branch="false" />
			<line number="88"  hits="2"  branch="false" />
			<line number="89"  hits="2"  branch="false" />
			<line number="94"  hits="5"  branch="false" />
			<line number="95"  hits="4"  branch="false" />
			<line number="96"  hits="3"  branch="false" />
			<line number="98"  hits="4"  branch="false" />
			<line number="101"  hits="5"  branch="false" />
			<line number="102"  hits="0"  branch="false" />
			<line number="103"  hits="0"  branch="false" />
			<line number="106"  hits="5"  branch="false" />
			<line number="107"  hits="0"  branch="true"  condition-coverage="0% (0/4)" />
			<line number="108"  hits="0"  branch="true"  condition-coverage="0% (0/2)" />
			<line number="109"  hits="0"  branch="false" />
			<line number="112"  hits="0"  branch="true"  condition-coverage="0% (0/2)" />
			<line number="113"  hits="0"  branch="false" />
		</lines>
		</class>
		<class name="AssessmentSearchController.js"  filename="/Users/mstern/dev/workspaces/sb11-test-auth/webapp/src/main/webapp/resources/testauth/js/controllers/AssessmentSearchController.js"  line-rate="0.963"  branch-rate="0.5" >
		<methods>
			<method name="AssessmentSearchController"  hits="7"  signature="()V" >
				<lines><line number="2"  hits="7" /></lines>
			</method>
			<method name="(anonymous_2)"  hits="1"  signature="()V" >
				<lines><line number="12"  hits="1" /></lines>
			</method>
			<method name="(anonymous_3)"  hits="1"  signature="()V" >
				<lines><line number="17"  hits="1" /></lines>
			</method>
			<method name="(anonymous_4)"  hits="1"  signature="()V" >
				<lines><line number="24"  hits="1" /></lines>
			</method>
			<method name="(anonymous_5)"  hits="2"  signature="()V" >
				<lines><line number="28"  hits="2" /></lines>
			</method>
			<method name="(anonymous_6)"  hits="2"  signature="()V" >
				<lines><line number="30"  hits="2" /></lines>
			</method>
			<method name="(anonymous_7)"  hits="2"  signature="()V" >
				<lines><line number="37"  hits="2" /></lines>
			</method>
			<method name="(anonymous_8)"  hits="2"  signature="()V" >
				<lines><line number="39"  hits="2" /></lines>
			</method>
		</methods>
		<lines>
			<line number="1"  hits="1"  branch="false" />
			<line number="4"  hits="7"  branch="true"  condition-coverage="50% (1/2)" />
			<line number="5"  hits="7"  branch="false" />
			<line number="7"  hits="0"  branch="false" />
			<line number="10"  hits="7"  branch="false" />
			<line number="12"  hits="7"  branch="false" />
			<line number="13"  hits="1"  branch="false" />
			<line number="14"  hits="1"  branch="false" />
			<line number="17"  hits="7"  branch="false" />
			<line number="18"  hits="1"  branch="false" />
			<line number="19"  hits="1"  branch="false" />
			<line number="20"  hits="1"  branch="false" />
			<line number="21"  hits="1"  branch="false" />
			<line number="24"  hits="7"  branch="false" />
			<line number="25"  hits="1"  branch="false" />
			<line number="28"  hits="7"  branch="false" />
			<line number="29"  hits="2"  branch="true"  condition-coverage="50% (1/2)" />
			<line number="30"  hits="2"  branch="false" />
			<line number="31"  hits="2"  branch="false" />
			<line number="32"  hits="2"  branch="false" />
			<line number="37"  hits="7"  branch="false" />
			<line number="38"  hits="2"  branch="true"  condition-coverage="50% (1/2)" />
			<line number="39"  hits="2"  branch="false" />
			<line number="40"  hits="2"  branch="false" />
			<line number="41"  hits="2"  branch="false" />
			<line number="42"  hits="2"  branch="false" />
			<line number="43"  hits="2"  branch="false" />
		</lines>
		</class>
		<class name="AssessmentSegmentController.js"  filename="/Users/mstern/dev/workspaces/sb11-test-auth/webapp/src/main/webapp/resources/testauth/js/controllers/AssessmentSegmentController.js"  line-rate="0.7111"  branch-rate="0.3333" >
		<methods>
			<method name="(anonymous_1)"  hits="5"  signature="()V" >
				<lines><line number="2"  hits="5" /></lines>
			</method>
			<method name="(anonymous_2)"  hits="1"  signature="()V" >
				<lines><line number="15"  hits="1" /></lines>
			</method>
			<method name="(anonymous_3)"  hits="0"  signature="()V" >
				<lines><line number="19"  hits="0" /></lines>
			</method>
			<method name="(anonymous_4)"  hits="0"  signature="()V" >
				<lines><line number="24"  hits="0" /></lines>
			</method>
			<method name="savePositionChange"  hits="0"  signature="()V" >
				<lines><line number="29"  hits="0" /></lines>
			</method>
			<method name="(anonymous_6)"  hits="0"  signature="()V" >
				<lines><line number="32"  hits="0" /></lines>
			</method>
			<method name="(anonymous_7)"  hits="0"  signature="()V" >
				<lines><line number="36"  hits="0" /></lines>
			</method>
			<method name="(anonymous_8)"  hits="1"  signature="()V" >
				<lines><line number="44"  hits="1" /></lines>
			</method>
			<method name="(anonymous_9)"  hits="1"  signature="()V" >
				<lines><line number="52"  hits="1" /></lines>
			</method>
			<method name="(anonymous_10)"  hits="2"  signature="()V" >
				<lines><line number="56"  hits="2" /></lines>
			</method>
			<method name="(anonymous_11)"  hits="2"  signature="()V" >
				<lines><line number="59"  hits="2" /></lines>
			</method>
			<method name="(anonymous_12)"  hits="2"  signature="()V" >
				<lines><line number="63"  hits="2" /></lines>
			</method>
		</methods>
		<lines>
			<line number="1"  hits="1"  branch="false" />
			<line number="3"  hits="5"  branch="false" />
			<line number="4"  hits="5"  branch="false" />
			<line number="5"  hits="5"  branch="false" />
			<line number="6"  hits="5"  branch="false" />
			<line number="8"  hits="5"  branch="true"  condition-coverage="50% (1/2)" />
			<line number="9"  hits="5"  branch="false" />
			<line number="11"  hits="0"  branch="false" />
			<line number="13"  hits="5"  branch="false" />
			<line number="15"  hits="5"  branch="false" />
			<line number="16"  hits="1"  branch="false" />
			<line number="19"  hits="5"  branch="false" />
			<line number="20"  hits="0"  branch="false" />
			<line number="21"  hits="0"  branch="false" />
			<line number="24"  hits="5"  branch="false" />
			<line number="25"  hits="0"  branch="false" />
			<line number="26"  hits="0"  branch="false" />
			<line number="29"  hits="1"  branch="false" />
			<line number="30"  hits="0"  branch="false" />
			<line number="32"  hits="0"  branch="false" />
			<line number="33"  hits="0"  branch="false" />
			<line number="34"  hits="0"  branch="false" />
			<line number="35"  hits="0"  branch="true"  condition-coverage="0% (0/2)" />
			<line number="36"  hits="0"  branch="false" />
			<line number="37"  hits="0"  branch="false" />
			<line number="39"  hits="0"  branch="false" />
			<line number="44"  hits="5"  branch="false" />
			<line number="45"  hits="1"  branch="false" />
			<line number="46"  hits="1"  branch="false" />
			<line number="47"  hits="1"  branch="false" />
			<line number="48"  hits="1"  branch="false" />
			<line number="49"  hits="1"  branch="false" />
			<line number="52"  hits="5"  branch="false" />
			<line number="53"  hits="1"  branch="false" />
			<line number="56"  hits="5"  branch="false" />
			<line number="57"  hits="2"  branch="true"  condition-coverage="50% (1/2)" />
			<line number="58"  hits="2"  branch="false" />
			<line number="59"  hits="2"  branch="false" />
			<line number="60"  hits="2"  branch="false" />
			<line number="61"  hits="2"  branch="false" />
			<line number="62"  hits="2"  branch="false" />
			<line number="63"  hits="2"  branch="false" />
			<line number="64"  hits="2"  branch="false" />
			<line number="66"  hits="2"  branch="false" />
			<line number="67"  hits="2"  branch="false" />
		</lines>
		</class>
		<class name="AssessmentSegmentEditController.js"  filename="/Users/mstern/dev/workspaces/sb11-test-auth/webapp/src/main/webapp/resources/testauth/js/controllers/AssessmentSegmentEditController.js"  line-rate="0.7258"  branch-rate="0.35710000000000003" >
		<methods>
			<method name="(anonymous_1)"  hits="5"  signature="()V" >
				<lines><line number="3"  hits="5" /></lines>
			</method>
			<method name="(anonymous_2)"  hits="0"  signature="()V" >
				<lines><line number="26"  hits="0" /></lines>
			</method>
			<method name="(anonymous_3)"  hits="1"  signature="()V" >
				<lines><line number="34"  hits="1" /></lines>
			</method>
			<method name="(anonymous_4)"  hits="2"  signature="()V" >
				<lines><line number="37"  hits="2" /></lines>
			</method>
			<method name="(anonymous_5)"  hits="0"  signature="()V" >
				<lines><line number="40"  hits="0" /></lines>
			</method>
			<method name="(anonymous_6)"  hits="5"  signature="()V" >
				<lines><line number="44"  hits="5" /></lines>
			</method>
			<method name="(anonymous_7)"  hits="0"  signature="()V" >
				<lines><line number="58"  hits="0" /></lines>
			</method>
			<method name="(anonymous_8)"  hits="0"  signature="()V" >
				<lines><line number="62"  hits="0" /></lines>
			</method>
			<method name="(anonymous_9)"  hits="1"  signature="()V" >
				<lines><line number="66"  hits="1" /></lines>
			</method>
			<method name="(anonymous_10)"  hits="3"  signature="()V" >
				<lines><line number="74"  hits="3" /></lines>
			</method>
			<method name="(anonymous_11)"  hits="0"  signature="()V" >
				<lines><line number="77"  hits="0" /></lines>
			</method>
			<method name="(anonymous_12)"  hits="3"  signature="()V" >
				<lines><line number="81"  hits="3" /></lines>
			</method>
			<method name="(anonymous_13)"  hits="0"  signature="()V" >
				<lines><line number="92"  hits="0" /></lines>
			</method>
			<method name="(anonymous_14)"  hits="0"  signature="()V" >
				<lines><line number="97"  hits="0" /></lines>
			</method>
		</methods>
		<lines>
			<line number="2"  hits="1"  branch="false" />
			<line number="4"  hits="5"  branch="false" />
			<line number="5"  hits="5"  branch="false" />
			<line number="6"  hits="5"  branch="false" />
			<line number="7"  hits="5"  branch="false" />
			<line number="8"  hits="5"  branch="false" />
			<line number="9"  hits="5"  branch="false" />
			<line number="10"  hits="5"  branch="false" />
			<line number="11"  hits="5"  branch="false" />
			<line number="12"  hits="5"  branch="false" />
			<line number="13"  hits="5"  branch="false" />
			<line number="15"  hits="5"  branch="false" />
			<line number="16"  hits="5"  branch="false" />
			<line number="17"  hits="5"  branch="true"  condition-coverage="75% (3/4)" />
			<line number="18"  hits="0"  branch="false" />
			<line number="20"  hits="5"  branch="false" />
			<line number="24"  hits="5"  branch="true"  condition-coverage="50% (2/4)" />
			<line number="25"  hits="0"  branch="false" />
			<line number="26"  hits="0"  branch="false" />
			<line number="27"  hits="0"  branch="true"  condition-coverage="0% (0/4)" />
			<line number="28"  hits="0"  branch="false" />
			<line number="31"  hits="5"  branch="false" />
			<line number="34"  hits="5"  branch="false" />
			<line number="35"  hits="1"  branch="false" />
			<line number="36"  hits="1"  branch="false" />
			<line number="37"  hits="2"  branch="false" />
			<line number="40"  hits="5"  branch="false" />
			<line number="41"  hits="0"  branch="false" />
			<line number="44"  hits="5"  branch="false" />
			<line number="45"  hits="5"  branch="false" />
			<line number="52"  hits="5"  branch="true"  condition-coverage="50% (1/2)" />
			<line number="53"  hits="5"  branch="false" />
			<line number="55"  hits="0"  branch="false" />
			<line number="58"  hits="5"  branch="false" />
			<line number="59"  hits="0"  branch="false" />
			<line number="62"  hits="5"  branch="false" />
			<line number="63"  hits="0"  branch="false" />
			<line number="66"  hits="5"  branch="false" />
			<line number="67"  hits="1"  branch="false" />
			<line number="68"  hits="3"  branch="false" />
			<line number="70"  hits="1"  branch="false" />
			<line number="74"  hits="5"  branch="false" />
			<line number="75"  hits="3"  branch="false" />
			<line number="76"  hits="3"  branch="true"  condition-coverage="50% (1/2)" />
			<line number="77"  hits="0"  branch="true"  condition-coverage="0% (0/2)" />
			<line number="78"  hits="0"  branch="false" />
			<line number="81"  hits="3"  branch="false" />
			<line number="82"  hits="3"  branch="false" />
			<line number="83"  hits="3"  branch="false" />
			<line number="84"  hits="3"  branch="true"  condition-coverage="100% (2/2)" />
			<line number="85"  hits="2"  branch="false" />
			<line number="86"  hits="2"  branch="false" />
			<line number="87"  hits="2"  branch="false" />
			<line number="92"  hits="5"  branch="false" />
			<line number="93"  hits="0"  branch="false" />
			<line number="94"  hits="0"  branch="false" />
			<line number="97"  hits="5"  branch="false" />
			<line number="98"  hits="0"  branch="true"  condition-coverage="0% (0/4)" />
			<line number="99"  hits="0"  branch="true"  condition-coverage="0% (0/2)" />
			<line number="100"  hits="0"  branch="false" />
			<line number="106"  hits="5"  branch="true"  condition-coverage="50% (1/2)" />
			<line number="107"  hits="0"  branch="false" />
		</lines>
		</class>
		<class name="HomeController.js"  filename="/Users/mstern/dev/workspaces/sb11-test-auth/webapp/src/main/webapp/resources/testauth/js/controllers/HomeController.js"  line-rate="1"  branch-rate="1" >
		<methods>
			<method name="HomeController"  hits="1"  signature="()V" >
				<lines><line number="2"  hits="1" /></lines>
			</method>
			<method name="(anonymous_2)"  hits="1"  signature="()V" >
				<lines><line number="3"  hits="1" /></lines>
			</method>
		</methods>
		<lines>
			<line number="1"  hits="1"  branch="false" />
			<line number="3"  hits="1"  branch="false" />
			<line number="4"  hits="1"  branch="false" />
		</lines>
		</class>
		<class name="ItemSearchController.js"  filename="/Users/mstern/dev/workspaces/sb11-test-auth/webapp/src/main/webapp/resources/testauth/js/controllers/ItemSearchController.js"  line-rate="0.5821000000000001"  branch-rate="0.3" >
		<methods>
			<method name="ItemSearchController"  hits="3"  signature="()V" >
				<lines><line number="2"  hits="3" /></lines>
			</method>
			<method name="(anonymous_2)"  hits="0"  signature="()V" >
				<lines><line number="10"  hits="0" /></lines>
			</method>
			<method name="(anonymous_3)"  hits="3"  signature="()V" >
				<lines><line number="15"  hits="3" /></lines>
			</method>
			<method name="(anonymous_4)"  hits="3"  signature="()V" >
				<lines><line number="34"  hits="3" /></lines>
			</method>
			<method name="(anonymous_5)"  hits="0"  signature="()V" >
				<lines><line number="44"  hits="0" /></lines>
			</method>
			<method name="(anonymous_6)"  hits="0"  signature="()V" >
				<lines><line number="46"  hits="0" /></lines>
			</method>
			<method name="(anonymous_7)"  hits="0"  signature="()V" >
				<lines><line number="50"  hits="0" /></lines>
			</method>
			<method name="(anonymous_8)"  hits="0"  signature="()V" >
				<lines><line number="54"  hits="0" /></lines>
			</method>
			<method name="(anonymous_9)"  hits="0"  signature="()V" >
				<lines><line number="58"  hits="0" /></lines>
			</method>
			<method name="(anonymous_10)"  hits="0"  signature="()V" >
				<lines><line number="67"  hits="0" /></lines>
			</method>
			<method name="(anonymous_11)"  hits="4"  signature="()V" >
				<lines><line number="76"  hits="4" /></lines>
			</method>
			<method name="(anonymous_12)"  hits="0"  signature="()V" >
				<lines><line number="86"  hits="0" /></lines>
			</method>
			<method name="(anonymous_13)"  hits="0"  signature="()V" >
				<lines><line number="99"  hits="0" /></lines>
			</method>
			<method name="(anonymous_14)"  hits="4"  signature="()V" >
				<lines><line number="110"  hits="4" /></lines>
			</method>
		</methods>
		<lines>
			<line number="1"  hits="1"  branch="false" />
			<line number="3"  hits="3"  branch="false" />
			<line number="4"  hits="3"  branch="false" />
			<line number="5"  hits="3"  branch="false" />
			<line number="6"  hits="3"  branch="false" />
			<line number="7"  hits="3"  branch="false" />
			<line number="9"  hits="3"  branch="true"  condition-coverage="50% (2/4)" />
			<line number="10"  hits="0"  branch="false" />
			<line number="12"  hits="3"  branch="false" />
			<line number="15"  hits="3"  branch="false" />
			<line number="16"  hits="3"  branch="false" />
			<line number="17"  hits="3"  branch="true"  condition-coverage="50% (1/2)" />
			<line number="18"  hits="0"  branch="false" />
			<line number="20"  hits="3"  branch="false" />
			<line number="28"  hits="3"  branch="true"  condition-coverage="50% (1/2)" />
			<line number="29"  hits="3"  branch="false" />
			<line number="31"  hits="0"  branch="false" />
			<line number="34"  hits="3"  branch="false" />
			<line number="35"  hits="3"  branch="false" />
			<line number="41"  hits="3"  branch="false" />
			<line number="43"  hits="3"  branch="true"  condition-coverage="50% (1/2)" />
			<line number="44"  hits="0"  branch="false" />
			<line number="45"  hits="3"  branch="true"  condition-coverage="50% (1/2)" />
			<line number="46"  hits="0"  branch="false" />
			<line number="48"  hits="3"  branch="false" />
			<line number="50"  hits="3"  branch="false" />
			<line number="51"  hits="0"  branch="false" />
			<line number="54"  hits="3"  branch="false" />
			<line number="55"  hits="0"  branch="false" />
			<line number="58"  hits="3"  branch="false" />
			<line number="59"  hits="0"  branch="false" />
			<line number="60"  hits="0"  branch="true"  condition-coverage="0% (0/2)" />
			<line number="61"  hits="0"  branch="false" />
			<line number="62"  hits="0"  branch="true"  condition-coverage="0% (0/2)" />
			<line number="63"  hits="0"  branch="false" />
			<line number="67"  hits="3"  branch="false" />
			<line number="68"  hits="0"  branch="false" />
			<line number="69"  hits="0"  branch="true"  condition-coverage="0% (0/2)" />
			<line number="70"  hits="0"  branch="false" />
			<line number="71"  hits="0"  branch="true"  condition-coverage="0% (0/2)" />
			<line number="72"  hits="0"  branch="false" />
			<line number="76"  hits="3"  branch="false" />
			<line number="77"  hits="4"  branch="false" />
			<line number="79"  hits="4"  branch="true"  condition-coverage="100% (2/2)" />
			<line number="80"  hits="2"  branch="false" />
			<line number="82"  hits="4"  branch="false" />
			<line number="83"  hits="4"  branch="false" />
			<line number="86"  hits="3"  branch="false" />
			<line number="87"  hits="0"  branch="false" />
			<line number="89"  hits="0"  branch="true"  condition-coverage="0% (0/2)" />
			<line number="90"  hits="0"  branch="false" />
			<line number="91"  hits="0"  branch="true"  condition-coverage="0% (0/2)" />
			<line number="92"  hits="0"  branch="false" />
			<line number="93"  hits="0"  branch="false" />
			<line number="99"  hits="3"  branch="false" />
			<line number="100"  hits="0"  branch="false" />
			<line number="102"  hits="0"  branch="false" />
			<line number="103"  hits="0"  branch="true"  condition-coverage="0% (0/2)" />
			<line number="104"  hits="0"  branch="false" />
			<line number="105"  hits="0"  branch="false" />
			<line number="110"  hits="3"  branch="false" />
			<line number="111"  hits="4"  branch="false" />
			<line number="112"  hits="4"  branch="true"  condition-coverage="50% (1/2)" />
			<line number="113"  hits="4"  branch="false" />
			<line number="114"  hits="2"  branch="false" />
			<line number="117"  hits="4"  branch="false" />
			<line number="119"  hits="3"  branch="false" />
		</lines>
		</class>
		<class name="ItemSelectionAlgorithmFormController.js"  filename="/Users/mstern/dev/workspaces/sb11-test-auth/webapp/src/main/webapp/resources/testauth/js/controllers/ItemSelectionAlgorithmFormController.js"  line-rate="0.4851"  branch-rate="0.2353" >
		<methods>
			<method name="(anonymous_1)"  hits="3"  signature="()V" >
				<lines><line number="3"  hits="3" /></lines>
			</method>
			<method name="(anonymous_2)"  hits="5"  signature="()V" >
				<lines><line number="20"  hits="5" /></lines>
			</method>
			<method name="(anonymous_3)"  hits="3"  signature="()V" >
				<lines><line number="29"  hits="3" /></lines>
			</method>
			<method name="(anonymous_4)"  hits="3"  signature="()V" >
				<lines><line number="34"  hits="3" /></lines>
			</method>
			<method name="(anonymous_5)"  hits="3"  signature="()V" >
				<lines><line number="39"  hits="3" /></lines>
			</method>
			<method name="(anonymous_6)"  hits="0"  signature="()V" >
				<lines><line number="44"  hits="0" /></lines>
			</method>
			<method name="(anonymous_7)"  hits="0"  signature="()V" >
				<lines><line number="48"  hits="0" /></lines>
			</method>
			<method name="(anonymous_8)"  hits="0"  signature="()V" >
				<lines><line number="49"  hits="0" /></lines>
			</method>
			<method name="(anonymous_9)"  hits="3"  signature="()V" >
				<lines><line number="57"  hits="3" /></lines>
			</method>
			<method name="(anonymous_10)"  hits="3"  signature="()V" >
				<lines><line number="60"  hits="3" /></lines>
			</method>
			<method name="(anonymous_11)"  hits="0"  signature="()V" >
				<lines><line number="71"  hits="0" /></lines>
			</method>
			<method name="(anonymous_12)"  hits="0"  signature="()V" >
				<lines><line number="82"  hits="0" /></lines>
			</method>
			<method name="(anonymous_13)"  hits="0"  signature="()V" >
				<lines><line number="84"  hits="0" /></lines>
			</method>
			<method name="(anonymous_14)"  hits="0"  signature="()V" >
				<lines><line number="93"  hits="0" /></lines>
			</method>
			<method name="(anonymous_15)"  hits="0"  signature="()V" >
				<lines><line number="97"  hits="0" /></lines>
			</method>
			<method name="(anonymous_16)"  hits="0"  signature="()V" >
				<lines><line number="101"  hits="0" /></lines>
			</method>
			<method name="(anonymous_17)"  hits="0"  signature="()V" >
				<lines><line number="106"  hits="0" /></lines>
			</method>
			<method name="(anonymous_18)"  hits="0"  signature="()V" >
				<lines><line number="125"  hits="0" /></lines>
			</method>
			<method name="(anonymous_19)"  hits="0"  signature="()V" >
				<lines><line number="129"  hits="0" /></lines>
			</method>
			<method name="(anonymous_20)"  hits="0"  signature="()V" >
				<lines><line number="133"  hits="0" /></lines>
			</method>
			<method name="(anonymous_21)"  hits="0"  signature="()V" >
				<lines><line number="146"  hits="0" /></lines>
			</method>
			<method name="(anonymous_22)"  hits="0"  signature="()V" >
				<lines><line number="154"  hits="0" /></lines>
			</method>
			<method name="(anonymous_23)"  hits="0"  signature="()V" >
				<lines><line number="162"  hits="0" /></lines>
			</method>
			<method name="(anonymous_24)"  hits="0"  signature="()V" >
				<lines><line number="167"  hits="0" /></lines>
			</method>
			<method name="(anonymous_25)"  hits="0"  signature="()V" >
				<lines><line number="178"  hits="0" /></lines>
			</method>
			<method name="(anonymous_26)"  hits="0"  signature="()V" >
				<lines><line number="184"  hits="0" /></lines>
			</method>
		</methods>
		<lines>
			<line number="2"  hits="1"  branch="false" />
			<line number="4"  hits="3"  branch="false" />
			<line number="5"  hits="3"  branch="false" />
			<line number="6"  hits="3"  branch="false" />
			<line number="8"  hits="3"  branch="false" />
			<line number="11"  hits="3"  branch="false" />
			<line number="12"  hits="3"  branch="false" />
			<line number="13"  hits="3"  branch="false" />
			<line number="14"  hits="3"  branch="false" />
			<line number="16"  hits="3"  branch="true"  condition-coverage="75% (3/4)" />
			<line number="17"  hits="0"  branch="false" />
			<line number="20"  hits="3"  branch="false" />
			<line number="21"  hits="5"  branch="true"  condition-coverage="75% (3/4)" />
			<line number="22"  hits="0"  branch="false" />
			<line number="25"  hits="3"  branch="false" />
			<line number="28"  hits="3"  branch="false" />
			<line number="30"  hits="3"  branch="false" />
			<line number="33"  hits="3"  branch="false" />
			<line number="35"  hits="3"  branch="false" />
			<line number="38"  hits="3"  branch="false" />
			<line number="40"  hits="3"  branch="false" />
			<line number="43"  hits="3"  branch="false" />
			<line number="45"  hits="0"  branch="false" />
			<line number="46"  hits="0"  branch="false" />
			<line number="47"  hits="0"  branch="false" />
			<line number="48"  hits="0"  branch="false" />
			<line number="49"  hits="0"  branch="false" />
			<line number="50"  hits="0"  branch="false" />
			<line number="57"  hits="3"  branch="false" />
			<line number="58"  hits="3"  branch="false" />
			<line number="59"  hits="3"  branch="false" />
			<line number="61"  hits="3"  branch="false" />
			<line number="62"  hits="3"  branch="false" />
			<line number="63"  hits="3"  branch="false" />
			<line number="64"  hits="3"  branch="false" />
			<line number="65"  hits="3"  branch="true"  condition-coverage="100% (2/2)" />
			<line number="66"  hits="2"  branch="false" />
			<line number="67"  hits="2"  branch="false" />
			<line number="68"  hits="2"  branch="false" />
			<line number="69"  hits="2"  branch="false" />
			<line number="71"  hits="1"  branch="false" />
			<line number="72"  hits="0"  branch="false" />
			<line number="73"  hits="0"  branch="false" />
			<line number="74"  hits="0"  branch="false" />
			<line number="77"  hits="3"  branch="false" />
			<line number="81"  hits="3"  branch="false" />
			<line number="82"  hits="3"  branch="false" />
			<line number="83"  hits="0"  branch="false" />
			<line number="84"  hits="0"  branch="false" />
			<line number="85"  hits="0"  branch="false" />
			<line number="86"  hits="0"  branch="true"  condition-coverage="0% (0/2)" />
			<line number="87"  hits="0"  branch="false" />
			<line number="90"  hits="0"  branch="false" />
			<line number="93"  hits="3"  branch="false" />
			<line number="94"  hits="0"  branch="false" />
			<line number="97"  hits="3"  branch="false" />
			<line number="98"  hits="0"  branch="false" />
			<line number="101"  hits="3"  branch="false" />
			<line number="102"  hits="0"  branch="false" />
			<line number="103"  hits="0"  branch="false" />
			<line number="106"  hits="3"  branch="false" />
			<line number="107"  hits="0"  branch="true"  condition-coverage="0% (0/2)" />
			<line number="108"  hits="0"  branch="false" />
			<line number="110"  hits="0"  branch="false" />
			<line number="121"  hits="0"  branch="false" />
			<line number="125"  hits="3"  branch="false" />
			<line number="126"  hits="0"  branch="false" />
			<line number="129"  hits="3"  branch="false" />
			<line number="130"  hits="0"  branch="false" />
			<line number="133"  hits="3"  branch="false" />
			<line number="134"  hits="0"  branch="true"  condition-coverage="0% (0/2)" />
			<line number="135"  hits="0"  branch="false" />
			<line number="137"  hits="0"  branch="true"  condition-coverage="0% (0/4)" />
			<line number="139"  hits="0"  branch="false" />
			<line number="140"  hits="0"  branch="false" />
			<line number="141"  hits="0"  branch="false" />
			<line number="146"  hits="3"  branch="false" />
			<line number="147"  hits="0"  branch="false" />
			<line number="148"  hits="0"  branch="true"  condition-coverage="0% (0/2)" />
			<line number="149"  hits="0"  branch="false" />
			<line number="151"  hits="0"  branch="true"  condition-coverage="0% (0/2)" />
			<line number="154"  hits="3"  branch="false" />
			<line number="155"  hits="0"  branch="false" />
			<line number="156"  hits="0"  branch="true"  condition-coverage="0% (0/2)" />
			<line number="157"  hits="0"  branch="false" />
			<line number="159"  hits="0"  branch="false" />
			<line number="162"  hits="3"  branch="false" />
			<line number="163"  hits="0"  branch="false" />
			<line number="164"  hits="0"  branch="false" />
			<line number="167"  hits="3"  branch="false" />
			<line number="168"  hits="0"  branch="true"  condition-coverage="0% (0/2)" />
			<line number="169"  hits="0"  branch="false" />
			<line number="171"  hits="0"  branch="false" />
			<line number="175"  hits="0"  branch="false" />
			<line number="178"  hits="3"  branch="false" />
			<line number="179"  hits="0"  branch="false" />
			<line number="180"  hits="0"  branch="false" />
			<line number="183"  hits="3"  branch="false" />
			<line number="185"  hits="0"  branch="true"  condition-coverage="0% (0/4)" />
			<line number="186"  hits="0"  branch="true"  condition-coverage="0% (0/2)" />
			<line number="187"  hits="0"  branch="false" />
		</lines>
		</class>
		<class name="ItemSelectionAlgorithmSearchController.js"  filename="/Users/mstern/dev/workspaces/sb11-test-auth/webapp/src/main/webapp/resources/testauth/js/controllers/ItemSelectionAlgorithmSearchController.js"  line-rate="0.9523999999999999"  branch-rate="0.5" >
		<methods>
			<method name="ItemSelectionAlgorithmSearchController"  hits="6"  signature="()V" >
				<lines><line number="3"  hits="6" /></lines>
			</method>
			<method name="(anonymous_2)"  hits="1"  signature="()V" >
				<lines><line number="11"  hits="1" /></lines>
			</method>
			<method name="(anonymous_3)"  hits="1"  signature="()V" >
				<lines><line number="15"  hits="1" /></lines>
			</method>
			<method name="(anonymous_4)"  hits="1"  signature="()V" >
				<lines><line number="18"  hits="1" /></lines>
			</method>
			<method name="(anonymous_5)"  hits="2"  signature="()V" >
				<lines><line number="25"  hits="2" /></lines>
			</method>
			<method name="(anonymous_6)"  hits="2"  signature="()V" >
				<lines><line number="28"  hits="2" /></lines>
			</method>
			<method name="(anonymous_7)"  hits="1"  signature="()V" >
				<lines><line number="36"  hits="1" /></lines>
			</method>
		</methods>
		<lines>
			<line number="2"  hits="1"  branch="false" />
			<line number="4"  hits="6"  branch="true"  condition-coverage="50% (1/2)" />
			<line number="5"  hits="6"  branch="false" />
			<line number="7"  hits="0"  branch="false" />
			<line number="9"  hits="6"  branch="false" />
			<line number="11"  hits="6"  branch="false" />
			<line number="12"  hits="1"  branch="false" />
			<line number="15"  hits="6"  branch="false" />
			<line number="18"  hits="6"  branch="false" />
			<line number="19"  hits="1"  branch="false" />
			<line number="20"  hits="1"  branch="false" />
			<line number="21"  hits="1"  branch="false" />
			<line number="22"  hits="1"  branch="false" />
			<line number="25"  hits="6"  branch="false" />
			<line number="26"  hits="2"  branch="true"  condition-coverage="50% (1/2)" />
			<line number="27"  hits="2"  branch="false" />
			<line number="29"  hits="2"  branch="false" />
			<line number="30"  hits="2"  branch="false" />
			<line number="31"  hits="2"  branch="false" />
			<line number="36"  hits="6"  branch="false" />
			<line number="37"  hits="1"  branch="false" />
		</lines>
		</class>
		<class name="NavigationController.js"  filename="/Users/mstern/dev/workspaces/sb11-test-auth/webapp/src/main/webapp/resources/testauth/js/controllers/NavigationController.js"  line-rate="0.25"  branch-rate="1" >
		<methods>
			<method name="NavigationController"  hits="0"  signature="()V" >
				<lines><line number="2"  hits="0" /></lines>
			</method>
			<method name="(anonymous_2)"  hits="0"  signature="()V" >
				<lines><line number="4"  hits="0" /></lines>
			</method>
		</methods>
		<lines>
			<line number="1"  hits="1"  branch="false" />
			<line number="3"  hits="0"  branch="false" />
			<line number="4"  hits="0"  branch="false" />
			<line number="5"  hits="0"  branch="false" />
		</lines>
		</class>
		<class name="PublicationFormController.js"  filename="/Users/mstern/dev/workspaces/sb11-test-auth/webapp/src/main/webapp/resources/testauth/js/controllers/PublicationFormController.js"  line-rate="0.6118"  branch-rate="0.5161" >
		<methods>
			<method name="(anonymous_1)"  hits="14"  signature="()V" >
				<lines><line number="2"  hits="14" /></lines>
			</method>
			<method name="(anonymous_2)"  hits="2"  signature="()V" >
				<lines><line number="13"  hits="2" /></lines>
			</method>
			<method name="(anonymous_3)"  hits="2"  signature="()V" >
				<lines><line number="14"  hits="2" /></lines>
			</method>
			<method name="(anonymous_4)"  hits="4"  signature="()V" >
				<lines><line number="17"  hits="4" /></lines>
			</method>
			<method name="(anonymous_5)"  hits="3"  signature="()V" >
				<lines><line number="24"  hits="3" /></lines>
			</method>
			<method name="(anonymous_6)"  hits="4"  signature="()V" >
				<lines><line number="32"  hits="4" /></lines>
			</method>
[...]
			<line number="69"  hits="7"  branch="true"  condition-coverage="100% (2/2)" />
			<line number="70"  hits="6"  branch="false" />
			<line number="71"  hits="6"  branch="false" />
			<line number="72"  hits="6"  branch="false" />
			<line number="74"  hits="6"  branch="true"  condition-coverage="100% (2/2)" />
			<line number="75"  hits="3"  branch="false" />
			<line number="78"  hits="6"  branch="false" />
			<line number="82"  hits="2"  branch="false" />
			<line number="86"  hits="4"  branch="false" />
			<line number="87"  hits="4"  branch="false" />
			<line number="95"  hits="2"  branch="false" />
			<line number="98"  hits="45"  branch="false" />
		</lines>
		</class>
		<class name="BlueprintSockService.js"  filename="/Users/mstern/dev/workspaces/sb11-test-auth/webapp/src/main/webapp/resources/testauth/js/services/BlueprintSockService.js"  line-rate="0.75"  branch-rate="1" >
		<methods>
			<method name="(anonymous_1)"  hits="8"  signature="()V" >
				<lines><line number="1"  hits="8" /></lines>
			</method>
			<method name="(anonymous_2)"  hits="7"  signature="()V" >
				<lines><line number="3"  hits="7" /></lines>
			</method>
			<method name="(anonymous_3)"  hits="0"  signature="()V" >
				<lines><line number="7"  hits="0" /></lines>
			</method>
			<method name="(anonymous_4)"  hits="7"  signature="()V" >
				<lines><line number="11"  hits="7" /></lines>
			</method>
			<method name="(anonymous_5)"  hits="7"  signature="()V" >
				<lines><line number="15"  hits="7" /></lines>
			</method>
			<method name="(anonymous_6)"  hits="0"  signature="()V" >
				<lines><line number="19"  hits="0" /></lines>
			</method>
		</methods>
		<lines>
			<line number="1"  hits="1"  branch="false" />
			<line number="2"  hits="8"  branch="false" />
			<line number="4"  hits="7"  branch="false" />
			<line number="8"  hits="0"  branch="false" />
			<line number="12"  hits="7"  branch="false" />
			<line number="16"  hits="7"  branch="false" />
			<line number="20"  hits="0"  branch="false" />
			<line number="27"  hits="8"  branch="false" />
		</lines>
		</class>
		<class name="CoreStandardsService.js"  filename="/Users/mstern/dev/workspaces/sb11-test-auth/webapp/src/main/webapp/resources/testauth/js/services/CoreStandardsService.js"  line-rate="1"  branch-rate="1" >
		<methods>
			<method name="(anonymous_1)"  hits="32"  signature="()V" >
				<lines><line number="1"  hits="32" /></lines>
			</method>
			<method name="(anonymous_2)"  hits="18"  signature="()V" >
				<lines><line number="3"  hits="18" /></lines>
			</method>
			<method name="(anonymous_3)"  hits="18"  signature="()V" >
				<lines><line number="7"  hits="18" /></lines>
			</method>
			<method name="(anonymous_4)"  hits="18"  signature="()V" >
				<lines><line number="11"  hits="18" /></lines>
			</method>
			<method name="(anonymous_5)"  hits="0"  signature="()V" >
				<lines><line number="15"  hits="0" /></lines>
			</method>
			<method name="(anonymous_6)"  hits="0"  signature="()V" >
				<lines><line number="19"  hits="0" /></lines>
			</method>
			<method name="(anonymous_7)"  hits="0"  signature="()V" >
				<lines><line number="23"  hits="0" /></lines>
			</method>
			<method name="(anonymous_8)"  hits="18"  signature="()V" >
				<lines><line number="27"  hits="18" /></lines>
			</method>
		</methods>
		<lines>
			<line number="1"  hits="1"  branch="false" />
			<line number="2"  hits="32"  branch="false" />
			<line number="4"  hits="18"  branch="false" />
			<line number="8"  hits="18"  branch="false" />
			<line number="12"  hits="18"  branch="false" />
			<line number="28"  hits="18"  branch="false" />
			<line number="29"  hits="18"  branch="false" />
			<line number="37"  hits="32"  branch="false" />
			<line number="38"  hits="32"  branch="false" />
		</lines>
		</class>
		<class name="CurrentUserService.js"  filename="/Users/mstern/dev/workspaces/sb11-test-auth/webapp/src/main/webapp/resources/testauth/js/services/CurrentUserService.js"  line-rate="1"  branch-rate="1" >
		<methods>
			<method name="(anonymous_1)"  hits="20"  signature="()V" >
				<lines><line number="2"  hits="20" /></lines>
			</method>
			<method name="(anonymous_2)"  hits="17"  signature="()V" >
				<lines><line number="4"  hits="17" /></lines>
			</method>
			<method name="(anonymous_3)"  hits="1"  signature="()V" >
				<lines><line number="8"  hits="1" /></lines>
			</method>
		</methods>
		<lines>
			<line number="2"  hits="1"  branch="false" />
			<line number="3"  hits="20"  branch="false" />
			<line number="5"  hits="17"  branch="false" />
			<line number="9"  hits="1"  branch="false" />
			<line number="14"  hits="20"  branch="false" />
		</lines>
		</class>
		<class name="ItemPoolService.js"  filename="/Users/mstern/dev/workspaces/sb11-test-auth/webapp/src/main/webapp/resources/testauth/js/services/ItemPoolService.js"  line-rate="0.75"  branch-rate="1" >
		<methods>
			<method name="(anonymous_1)"  hits="16"  signature="()V" >
				<lines><line number="1"  hits="16" /></lines>
			</method>
			<method name="(anonymous_2)"  hits="6"  signature="()V" >
				<lines><line number="3"  hits="6" /></lines>
			</method>
			<method name="(anonymous_3)"  hits="6"  signature="()V" >
				<lines><line number="7"  hits="6" /></lines>
			</method>
			<method name="(anonymous_4)"  hits="6"  signature="()V" >
				<lines><line number="11"  hits="6" /></lines>
			</method>
			<method name="(anonymous_5)"  hits="0"  signature="()V" >
				<lines><line number="15"  hits="0" /></lines>
			</method>
			<method name="(anonymous_6)"  hits="0"  signature="()V" >
				<lines><line number="19"  hits="0" /></lines>
			</method>
			<method name="(anonymous_7)"  hits="1"  signature="()V" >
				<lines><line number="28"  hits="1" /></lines>
			</method>
		</methods>
		<lines>
			<line number="1"  hits="1"  branch="false" />
			<line number="2"  hits="16"  branch="false" />
			<line number="4"  hits="6"  branch="false" />
			<line number="8"  hits="6"  branch="false" />
			<line number="12"  hits="6"  branch="false" />
			<line number="16"  hits="0"  branch="false" />
			<line number="20"  hits="0"  branch="false" />
			<line number="21"  hits="0"  branch="false" />
			<line number="29"  hits="1"  branch="false" />
			<line number="30"  hits="1"  branch="false" />
			<line number="37"  hits="16"  branch="false" />
			<line number="38"  hits="16"  branch="false" />
		</lines>
		</class>
		<class name="ItemSelectionAlgorithmService.js"  filename="/Users/mstern/dev/workspaces/sb11-test-auth/webapp/src/main/webapp/resources/testauth/js/services/ItemSelectionAlgorithmService.js"  line-rate="1"  branch-rate="1" >
		<methods>
			<method name="(anonymous_1)"  hits="19"  signature="()V" >
				<lines><line number="1"  hits="19" /></lines>
			</method>
			<method name="(anonymous_2)"  hits="10"  signature="()V" >
				<lines><line number="3"  hits="10" /></lines>
			</method>
			<method name="(anonymous_3)"  hits="1"  signature="()V" >
				<lines><line number="7"  hits="1" /></lines>
			</method>
			<method name="(anonymous_4)"  hits="1"  signature="()V" >
				<lines><line number="11"  hits="1" /></lines>
			</method>
			<method name="(anonymous_5)"  hits="1"  signature="()V" >
				<lines><line number="15"  hits="1" /></lines>
			</method>
			<method name="(anonymous_6)"  hits="10"  signature="()V" >
				<lines><line number="19"  hits="10" /></lines>
			</method>
			<method name="(anonymous_7)"  hits="7"  signature="()V" >
				<lines><line number="23"  hits="7" /></lines>
			</method>
		</methods>
		<lines>
			<line number="1"  hits="1"  branch="false" />
			<line number="2"  hits="19"  branch="false" />
			<line number="4"  hits="10"  branch="false" />
			<line number="8"  hits="1"  branch="false" />
			<line number="12"  hits="1"  branch="false" />
			<line number="16"  hits="1"  branch="false" />
			<line number="20"  hits="10"  branch="false" />
			<line number="24"  hits="7"  branch="false" />
			<line number="28"  hits="19"  branch="false" />
			<line number="29"  hits="19"  branch="false" />
		</lines>
		</class>
		<class name="ItemService.js"  filename="/Users/mstern/dev/workspaces/sb11-test-auth/webapp/src/main/webapp/resources/testauth/js/services/ItemService.js"  line-rate="0.8462000000000001"  branch-rate="0.5" >
		<methods>
			<method name="(anonymous_1)"  hits="10"  signature="()V" >
				<lines><line number="1"  hits="10" /></lines>
			</method>
			<method name="(anonymous_2)"  hits="7"  signature="()V" >
				<lines><line number="3"  hits="7" /></lines>
			</method>
			<method name="(anonymous_3)"  hits="7"  signature="()V" >
				<lines><line number="7"  hits="7" /></lines>
			</method>
			<method name="(anonymous_4)"  hits="7"  signature="()V" >
				<lines><line number="11"  hits="7" /></lines>
			</method>
			<method name="(anonymous_5)"  hits="0"  signature="()V" >
				<lines><line number="15"  hits="0" /></lines>
			</method>
			<method name="(anonymous_6)"  hits="0"  signature="()V" >
				<lines><line number="19"  hits="0" /></lines>
			</method>
			<method name="(anonymous_7)"  hits="0"  signature="()V" >
				<lines><line number="23"  hits="0" /></lines>
			</method>
			<method name="(anonymous_8)"  hits="5"  signature="()V" >
				<lines><line number="27"  hits="5" /></lines>
			</method>
			<method name="(anonymous_9)"  hits="0"  signature="()V" >
				<lines><line number="39"  hits="0" /></lines>
			</method>
		</methods>
		<lines>
			<line number="1"  hits="1"  branch="false" />
			<line number="2"  hits="10"  branch="false" />
			<line number="4"  hits="7"  branch="false" />
			<line number="8"  hits="7"  branch="false" />
			<line number="12"  hits="7"  branch="false" />
			<line number="28"  hits="5"  branch="true"  condition-coverage="50% (1/2)" />
			<line number="29"  hits="5"  branch="false" />
			<line number="31"  hits="5"  branch="false" />
			<line number="32"  hits="5"  branch="false" />
			<line number="40"  hits="0"  branch="false" />
			<line number="41"  hits="0"  branch="false" />
			<line number="49"  hits="10"  branch="false" />
			<line number="50"  hits="10"  branch="false" />
		</lines>
		</class>
		<class name="NavigationService.js"  filename="/Users/mstern/dev/workspaces/sb11-test-auth/webapp/src/main/webapp/resources/testauth/js/services/NavigationService.js"  line-rate="1"  branch-rate="1" >
		<methods>
			<method name="(anonymous_1)"  hits="3"  signature="()V" >
				<lines><line number="1"  hits="3" /></lines>
			</method>
			<method name="(anonymous_2)"  hits="1"  signature="()V" >
				<lines><line number="5"  hits="1" /></lines>
			</method>
			<method name="(anonymous_3)"  hits="1"  signature="()V" >
				<lines><line number="9"  hits="1" /></lines>
			</method>
			<method name="(anonymous_4)"  hits="1"  signature="()V" >
				<lines><line number="14"  hits="1" /></lines>
			</method>
		</methods>
		<lines>
			<line number="1"  hits="1"  branch="false" />
			<line number="2"  hits="3"  branch="false" />
			<line number="6"  hits="1"  branch="false" />
			<line number="11"  hits="1"  branch="false" />
			<line number="15"  hits="1"  branch="false" />
		</lines>
		</class>
		<class name="ProgmanService.js"  filename="/Users/mstern/dev/workspaces/sb11-test-auth/webapp/src/main/webapp/resources/testauth/js/services/ProgmanService.js"  line-rate="0.7619"  branch-rate="0.9286" >
		<methods>
			<method name="(anonymous_1)"  hits="26"  signature="()V" >
				<lines><line number="1"  hits="26" /></lines>
			</method>
			<method name="(anonymous_2)"  hits="0"  signature="()V" >
				<lines><line number="3"  hits="0" /></lines>
			</method>
			<method name="(anonymous_3)"  hits="4"  signature="()V" >
				<lines><line number="16"  hits="4" /></lines>
			</method>
			<method name="(anonymous_4)"  hits="2"  signature="()V" >
				<lines><line number="23"  hits="2" /></lines>
			</method>
			<method name="(anonymous_5)"  hits="1"  signature="()V" >
				<lines><line number="39"  hits="1" /></lines>
			</method>
			<method name="(anonymous_6)"  hits="1"  signature="()V" >
				<lines><line number="44"  hits="1" /></lines>
			</method>
		</methods>
		<lines>
			<line number="1"  hits="1"  branch="false" />
			<line number="2"  hits="26"  branch="false" />
			<line number="4"  hits="0"  branch="false" />
			<line number="8"  hits="0"  branch="false" />
			<line number="9"  hits="0"  branch="false" />
			<line number="10"  hits="0"  branch="false" />
			<line number="13"  hits="0"  branch="false" />
			<line number="17"  hits="4"  branch="false" />
			<line number="24"  hits="2"  branch="false" />
			<line number="25"  hits="2"  branch="true"  condition-coverage="50% (1/2)" />
			<line number="26"  hits="2"  branch="true"  condition-coverage="100% (2/2)" />
			<line number="27"  hits="2"  branch="true"  condition-coverage="100% (2/2)" />
			<line number="28"  hits="2"  branch="true"  condition-coverage="100% (2/2)" />
			<line number="29"  hits="2"  branch="true"  condition-coverage="100% (2/2)" />
			<line number="30"  hits="2"  branch="true"  condition-coverage="100% (2/2)" />
			<line number="31"  hits="2"  branch="true"  condition-coverage="100% (2/2)" />
			<line number="33"  hits="2"  branch="false" />
			<line number="40"  hits="1"  branch="false" />
			<line number="41"  hits="1"  branch="false" />
			<line number="45"  hits="1"  branch="false" />
			<line number="46"  hits="1"  branch="false" />
		</lines>
		</class>
		<class name="PublicationService.js"  filename="/Users/mstern/dev/workspaces/sb11-test-auth/webapp/src/main/webapp/resources/testauth/js/services/PublicationService.js"  line-rate="1"  branch-rate="1" >
		<methods>
			<method name="(anonymous_1)"  hits="28"  signature="()V" >
				<lines><line number="1"  hits="28" /></lines>
			</method>
			<method name="(anonymous_2)"  hits="7"  signature="()V" >
				<lines><line number="3"  hits="7" /></lines>
			</method>
			<method name="(anonymous_3)"  hits="7"  signature="()V" >
				<lines><line number="7"  hits="7" /></lines>
			</method>
			<method name="(anonymous_4)"  hits="7"  signature="()V" >
				<lines><line number="11"  hits="7" /></lines>
			</method>
		</methods>
		<lines>
			<line number="1"  hits="1"  branch="false" />
			<line number="2"  hits="28"  branch="false" />
			<line number="4"  hits="7"  branch="false" />
			<line number="8"  hits="7"  branch="false" />
			<line number="12"  hits="7"  branch="false" />
			<line number="15"  hits="28"  branch="false" />
			<line number="16"  hits="28"  branch="false" />
		</lines>
		</class>
		<class name="ScoringFunctionService.js"  filename="/Users/mstern/dev/workspaces/sb11-test-auth/webapp/src/main/webapp/resources/testauth/js/services/ScoringFunctionService.js"  line-rate="1"  branch-rate="1" >
		<methods>
			<method name="(anonymous_1)"  hits="20"  signature="()V" >
				<lines><line number="2"  hits="20" /></lines>
			</method>
			<method name="(anonymous_2)"  hits="11"  signature="()V" >
				<lines><line number="4"  hits="11" /></lines>
			</method>
			<method name="(anonymous_3)"  hits="1"  signature="()V" >
				<lines><line number="8"  hits="1" /></lines>
			</method>
			<method name="(anonymous_4)"  hits="1"  signature="()V" >
				<lines><line number="12"  hits="1" /></lines>
			</method>
			<method name="(anonymous_5)"  hits="1"  signature="()V" >
				<lines><line number="16"  hits="1" /></lines>
			</method>
			<method name="(anonymous_6)"  hits="1"  signature="()V" >
				<lines><line number="20"  hits="1" /></lines>
			</method>
			<method name="(anonymous_7)"  hits="11"  signature="()V" >
				<lines><line number="24"  hits="11" /></lines>
			</method>
			<method name="(anonymous_8)"  hits="7"  signature="()V" >
				<lines><line number="28"  hits="7" /></lines>
			</method>
		</methods>
		<lines>
			<line number="2"  hits="1"  branch="false" />
			<line number="3"  hits="20"  branch="false" />
			<line number="5"  hits="11"  branch="false" />
			<line number="9"  hits="1"  branch="false" />
			<line number="13"  hits="1"  branch="false" />
			<line number="17"  hits="1"  branch="false" />
			<line number="21"  hits="1"  branch="false" />
			<line number="25"  hits="11"  branch="false" />
			<line number="29"  hits="7"  branch="false" />
			<line number="33"  hits="20"  branch="false" />
			<line number="34"  hits="20"  branch="false" />
		</lines>
		</class>
		<class name="SegmentService.js"  filename="/Users/mstern/dev/workspaces/sb11-test-auth/webapp/src/main/webapp/resources/testauth/js/services/SegmentService.js"  line-rate="1"  branch-rate="1" >
		<methods>
			<method name="(anonymous_1)"  hits="35"  signature="()V" >
				<lines><line number="1"  hits="35" /></lines>
			</method>
			<method name="(anonymous_2)"  hits="25"  signature="()V" >
				<lines><line number="3"  hits="25" /></lines>
			</method>
			<method name="(anonymous_3)"  hits="25"  signature="()V" >
				<lines><line number="7"  hits="25" /></lines>
			</method>
			<method name="(anonymous_4)"  hits="25"  signature="()V" >
				<lines><line number="11"  hits="25" /></lines>
			</method>
		</methods>
		<lines>
			<line number="1"  hits="1"  branch="false" />
			<line number="2"  hits="35"  branch="false" />
			<line number="4"  hits="25"  branch="false" />
			<line number="8"  hits="25"  branch="false" />
			<line number="12"  hits="25"  branch="false" />
			<line number="15"  hits="35"  branch="false" />
			<line number="16"  hits="35"  branch="false" />
		</lines>
		</class>
		<class name="SubjectService.js"  filename="/Users/mstern/dev/workspaces/sb11-test-auth/webapp/src/main/webapp/resources/testauth/js/services/SubjectService.js"  line-rate="1"  branch-rate="1" >
		<methods>
			<method name="(anonymous_1)"  hits="47"  signature="()V" >
				<lines><line number="1"  hits="47" /></lines>
			</method>
			<method name="(anonymous_2)"  hits="25"  signature="()V" >
				<lines><line number="3"  hits="25" /></lines>
			</method>
			<method name="(anonymous_3)"  hits="25"  signature="()V" >
				<lines><line number="7"  hits="25" /></lines>
			</method>
			<method name="(anonymous_4)"  hits="25"  signature="()V" >
				<lines><line number="11"  hits="25" /></lines>
			</method>
			<method name="(anonymous_5)"  hits="1"  signature="()V" >
				<lines><line number="15"  hits="1" /></lines>
			</method>
		</methods>
		<lines>
			<line number="1"  hits="1"  branch="false" />
			<line number="2"  hits="47"  branch="false" />
			<line number="4"  hits="25"  branch="false" />
			<line number="8"  hits="25"  branch="false" />
			<line number="12"  hits="25"  branch="false" />
			<line number="16"  hits="1"  branch="false" />
			<line number="23"  hits="47"  branch="false" />
			<line number="24"  hits="47"  branch="false" />
		</lines>
		</class>
		<class name="UserService.js"  filename="/Users/mstern/dev/workspaces/sb11-test-auth/webapp/src/main/webapp/resources/testauth/js/services/UserService.js"  line-rate="0.8889"  branch-rate="1" >
		<methods>
			<method name="(anonymous_1)"  hits="2"  signature="()V" >
				<lines><line number="3"  hits="2" /></lines>
			</method>
			<method name="(anonymous_2)"  hits="2"  signature="()V" >
				<lines><line number="5"  hits="2" /></lines>
			</method>
			<method name="(anonymous_3)"  hits="1"  signature="()V" >
				<lines><line number="9"  hits="1" /></lines>
			</method>
			<method name="(anonymous_4)"  hits="0"  signature="()V" >
				<lines><line number="13"  hits="0" /></lines>
			</method>
		</methods>
		<lines>
			<line number="3"  hits="1"  branch="false" />
			<line number="4"  hits="2"  branch="false" />
			<line number="6"  hits="2"  branch="false" />
			<line number="7"  hits="2"  branch="false" />
			<line number="10"  hits="1"  branch="false" />
			<line number="11"  hits="1"  branch="false" />
			<line number="14"  hits="0"  branch="false" />
			<line number="18"  hits="2"  branch="false" />
			<line number="19"  hits="2"  branch="false" />
		</lines>
		</class>
	</classes>
	</package>
</packages>
</coverage>
